{"ts": "2025-10-07T17:11:53Z", "level": "INFO", "name": "pqc", "msg": "PQC handshake completed successfully", "taskName": null, "suite_id": "cs-mlkem768-aesgcm-mldsa65", "peer_role": "drone", "session_id": "2167d9e4..."}
{"ts": "2025-10-07T17:12:48Z", "level": "WARNING", "name": "pqc", "msg": "Failed to write status file", "taskName": null, "role": "gcs", "error": "[WinError 5] Access is denied: 'C:\\\\Users\\\\burak\\\\Desktop\\\\research\\\\logs\\\\auto\\\\gcs\\\\gcs_status.json.tmp' -> 'C:\\\\Users\\\\burak\\\\Desktop\\\\research\\\\logs\\\\auto\\\\gcs\\\\gcs_status.json'", "path": "C:\\Users\\burak\\Desktop\\research\\logs\\auto\\gcs\\gcs_status.json"}
{"ts": "2025-10-07T17:12:54Z", "level": "INFO", "name": "pqc", "msg": "Control rekey negotiation started", "taskName": null, "role": "gcs", "suite_id": "cs-mlkem512-aesgcm-mldsa44", "rid": "65d209aab51d01ef"}
{"ts": "2025-10-07T17:12:55Z", "level": "INFO", "name": "pqc", "msg": "Control rekey successful", "taskName": null, "role": "gcs", "suite_id": "cs-mlkem512-aesgcm-mldsa44", "rid": "65d209aab51d01ef", "session_id": "db339406..."}
{"ts": "2025-10-07T17:14:01Z", "level": "INFO", "name": "pqc", "msg": "Control rekey negotiation started", "taskName": null, "role": "gcs", "suite_id": "cs-mlkem512-aesgcm-mldsa65", "rid": "78337f2b94201a6d"}
{"ts": "2025-10-07T17:14:01Z", "level": "INFO", "name": "pqc", "msg": "Control rekey successful", "taskName": null, "role": "gcs", "suite_id": "cs-mlkem512-aesgcm-mldsa65", "rid": "78337f2b94201a6d", "session_id": "ed03f9a9..."}
{"ts": "2025-10-07T17:15:07Z", "level": "INFO", "name": "pqc", "msg": "Control rekey negotiation started", "taskName": null, "role": "gcs", "suite_id": "cs-mlkem512-aesgcm-mldsa87", "rid": "f8eb7cf83e7832cb"}
{"ts": "2025-10-07T17:15:07Z", "level": "INFO", "name": "pqc", "msg": "Control rekey successful", "taskName": null, "role": "gcs", "suite_id": "cs-mlkem512-aesgcm-mldsa87", "rid": "f8eb7cf83e7832cb", "session_id": "4f436eac..."}
{"ts": "2025-10-07T17:16:14Z", "level": "INFO", "name": "pqc", "msg": "Control rekey negotiation started", "taskName": null, "role": "gcs", "suite_id": "cs-mlkem512-aesgcm-falcon512", "rid": "c323da7fae6c2ebe"}
{"ts": "2025-10-07T17:16:14Z", "level": "INFO", "name": "pqc", "msg": "Control rekey successful", "taskName": null, "role": "gcs", "suite_id": "cs-mlkem512-aesgcm-falcon512", "rid": "c323da7fae6c2ebe", "session_id": "6bc7f48f..."}
{"ts": "2025-10-07T17:17:20Z", "level": "INFO", "name": "pqc", "msg": "Control rekey negotiation started", "taskName": null, "role": "gcs", "suite_id": "cs-mlkem512-aesgcm-falcon1024", "rid": "09ca100fa8bdbad9"}
{"ts": "2025-10-07T17:17:20Z", "level": "INFO", "name": "pqc", "msg": "Control rekey successful", "taskName": null, "role": "gcs", "suite_id": "cs-mlkem512-aesgcm-falcon1024", "rid": "09ca100fa8bdbad9", "session_id": "41177732..."}
{"ts": "2025-10-07T17:18:27Z", "level": "INFO", "name": "pqc", "msg": "Control rekey negotiation started", "taskName": null, "role": "gcs", "suite_id": "cs-mlkem512-aesgcm-sphincs128fsha2", "rid": "b30b65d1b9034832"}
{"ts": "2025-10-07T17:18:27Z", "level": "INFO", "name": "pqc", "msg": "Control rekey successful", "taskName": null, "role": "gcs", "suite_id": "cs-mlkem512-aesgcm-sphincs128fsha2", "rid": "b30b65d1b9034832", "session_id": "91734ae6..."}
{"ts": "2025-10-07T17:19:33Z", "level": "INFO", "name": "pqc", "msg": "Control rekey negotiation started", "taskName": null, "role": "gcs", "suite_id": "cs-mlkem512-aesgcm-sphincs256fsha2", "rid": "9f62e206263f101b"}
{"ts": "2025-10-07T17:19:33Z", "level": "INFO", "name": "pqc", "msg": "Control rekey successful", "taskName": null, "role": "gcs", "suite_id": "cs-mlkem512-aesgcm-sphincs256fsha2", "rid": "9f62e206263f101b", "session_id": "b245aa66..."}
{"ts": "2025-10-07T17:20:40Z", "level": "INFO", "name": "pqc", "msg": "Control rekey negotiation started", "taskName": null, "role": "gcs", "suite_id": "cs-mlkem768-aesgcm-mldsa44", "rid": "f8c44c0698b47146"}
{"ts": "2025-10-07T17:20:40Z", "level": "INFO", "name": "pqc", "msg": "Control rekey successful", "taskName": null, "role": "gcs", "suite_id": "cs-mlkem768-aesgcm-mldsa44", "rid": "f8c44c0698b47146", "session_id": "556feb8b..."}
{"ts": "2025-10-07T17:21:46Z", "level": "INFO", "name": "pqc", "msg": "Control rekey negotiation started", "taskName": null, "role": "gcs", "suite_id": "cs-mlkem768-aesgcm-mldsa87", "rid": "9406678c9e8a498e"}
{"ts": "2025-10-07T17:21:46Z", "level": "INFO", "name": "pqc", "msg": "Control rekey successful", "taskName": null, "role": "gcs", "suite_id": "cs-mlkem768-aesgcm-mldsa87", "rid": "9406678c9e8a498e", "session_id": "a737f547..."}
{"ts": "2025-10-07T17:22:53Z", "level": "INFO", "name": "pqc", "msg": "Control rekey negotiation started", "taskName": null, "role": "gcs", "suite_id": "cs-mlkem768-aesgcm-falcon512", "rid": "85415d5e49f886ab"}
{"ts": "2025-10-07T17:22:53Z", "level": "INFO", "name": "pqc", "msg": "Control rekey successful", "taskName": null, "role": "gcs", "suite_id": "cs-mlkem768-aesgcm-falcon512", "rid": "85415d5e49f886ab", "session_id": "9f2696b0..."}
{"ts": "2025-10-07T17:23:59Z", "level": "INFO", "name": "pqc", "msg": "Control rekey negotiation started", "taskName": null, "role": "gcs", "suite_id": "cs-mlkem768-aesgcm-falcon1024", "rid": "57bde3c002726886"}
{"ts": "2025-10-07T17:23:59Z", "level": "INFO", "name": "pqc", "msg": "Control rekey successful", "taskName": null, "role": "gcs", "suite_id": "cs-mlkem768-aesgcm-falcon1024", "rid": "57bde3c002726886", "session_id": "81f621d9..."}
{"ts": "2025-10-07T17:25:05Z", "level": "INFO", "name": "pqc", "msg": "Control rekey negotiation started", "taskName": null, "role": "gcs", "suite_id": "cs-mlkem768-aesgcm-sphincs128fsha2", "rid": "83345db80b7ffd83"}
{"ts": "2025-10-07T17:25:06Z", "level": "INFO", "name": "pqc", "msg": "Control rekey successful", "taskName": null, "role": "gcs", "suite_id": "cs-mlkem768-aesgcm-sphincs128fsha2", "rid": "83345db80b7ffd83", "session_id": "00807ffb..."}
{"ts": "2025-10-07T17:25:39Z", "level": "WARNING", "name": "pqc", "msg": "Failed to write status file", "taskName": null, "role": "gcs", "error": "[WinError 5] Access is denied: 'C:\\\\Users\\\\burak\\\\Desktop\\\\research\\\\logs\\\\auto\\\\gcs\\\\gcs_status.json.tmp' -> 'C:\\\\Users\\\\burak\\\\Desktop\\\\research\\\\logs\\\\auto\\\\gcs\\\\gcs_status.json'", "path": "C:\\Users\\burak\\Desktop\\research\\logs\\auto\\gcs\\gcs_status.json"}
{"ts": "2025-10-07T17:26:12Z", "level": "INFO", "name": "pqc", "msg": "Control rekey negotiation started", "taskName": null, "role": "gcs", "suite_id": "cs-mlkem768-aesgcm-sphincs256fsha2", "rid": "f63894c36bc9f521"}
{"ts": "2025-10-07T17:26:12Z", "level": "INFO", "name": "pqc", "msg": "Control rekey successful", "taskName": null, "role": "gcs", "suite_id": "cs-mlkem768-aesgcm-sphincs256fsha2", "rid": "f63894c36bc9f521", "session_id": "52e1069a..."}
{"ts": "2025-10-07T17:27:18Z", "level": "INFO", "name": "pqc", "msg": "Control rekey negotiation started", "taskName": null, "role": "gcs", "suite_id": "cs-mlkem1024-aesgcm-mldsa44", "rid": "94d877512ee493d5"}
{"ts": "2025-10-07T17:27:18Z", "level": "INFO", "name": "pqc", "msg": "Control rekey successful", "taskName": null, "role": "gcs", "suite_id": "cs-mlkem1024-aesgcm-mldsa44", "rid": "94d877512ee493d5", "session_id": "70203800..."}
{"ts": "2025-10-07T17:28:25Z", "level": "INFO", "name": "pqc", "msg": "Control rekey negotiation started", "taskName": null, "role": "gcs", "suite_id": "cs-mlkem1024-aesgcm-mldsa65", "rid": "6154103bede9faab"}
{"ts": "2025-10-07T17:28:25Z", "level": "INFO", "name": "pqc", "msg": "Control rekey successful", "taskName": null, "role": "gcs", "suite_id": "cs-mlkem1024-aesgcm-mldsa65", "rid": "6154103bede9faab", "session_id": "f5e702de..."}
{"ts": "2025-10-07T17:29:31Z", "level": "INFO", "name": "pqc", "msg": "Control rekey negotiation started", "taskName": null, "role": "gcs", "suite_id": "cs-mlkem1024-aesgcm-mldsa87", "rid": "aa094309d5669e7f"}
{"ts": "2025-10-07T17:29:31Z", "level": "INFO", "name": "pqc", "msg": "Control rekey successful", "taskName": null, "role": "gcs", "suite_id": "cs-mlkem1024-aesgcm-mldsa87", "rid": "aa094309d5669e7f", "session_id": "9b3a853d..."}
{"ts": "2025-10-07T17:30:38Z", "level": "INFO", "name": "pqc", "msg": "Control rekey negotiation started", "taskName": null, "role": "gcs", "suite_id": "cs-mlkem1024-aesgcm-falcon512", "rid": "03c5a15823ecf0db"}
{"ts": "2025-10-07T17:30:38Z", "level": "INFO", "name": "pqc", "msg": "Control rekey successful", "taskName": null, "role": "gcs", "suite_id": "cs-mlkem1024-aesgcm-falcon512", "rid": "03c5a15823ecf0db", "session_id": "e83801c8..."}
{"ts": "2025-10-07T17:31:44Z", "level": "INFO", "name": "pqc", "msg": "Control rekey negotiation started", "taskName": null, "role": "gcs", "suite_id": "cs-mlkem1024-aesgcm-falcon1024", "rid": "ce16490f01f4bea2"}
{"ts": "2025-10-07T17:31:44Z", "level": "INFO", "name": "pqc", "msg": "Control rekey successful", "taskName": null, "role": "gcs", "suite_id": "cs-mlkem1024-aesgcm-falcon1024", "rid": "ce16490f01f4bea2", "session_id": "fb1546c0..."}
{"ts": "2025-10-07T17:32:51Z", "level": "INFO", "name": "pqc", "msg": "Control rekey negotiation started", "taskName": null, "role": "gcs", "suite_id": "cs-mlkem1024-aesgcm-sphincs128fsha2", "rid": "c9f6445ffdfbd8b8"}
{"ts": "2025-10-07T17:32:51Z", "level": "INFO", "name": "pqc", "msg": "Control rekey successful", "taskName": null, "role": "gcs", "suite_id": "cs-mlkem1024-aesgcm-sphincs128fsha2", "rid": "c9f6445ffdfbd8b8", "session_id": "f30ad6c7..."}
{"ts": "2025-10-07T17:33:57Z", "level": "INFO", "name": "pqc", "msg": "Control rekey negotiation started", "taskName": null, "role": "gcs", "suite_id": "cs-mlkem1024-aesgcm-sphincs256fsha2", "rid": "d1d1bceaed71ed91"}
{"ts": "2025-10-07T17:33:58Z", "level": "INFO", "name": "pqc", "msg": "Control rekey successful", "taskName": null, "role": "gcs", "suite_id": "cs-mlkem1024-aesgcm-sphincs256fsha2", "rid": "d1d1bceaed71ed91", "session_id": "560d27d5..."}
