{"ts": "2025-10-09T15:25:53Z", "level": "INFO", "name": "pqc", "msg": "PQC handshake completed successfully", "suite_id": "cs-mlkem768-aesgcm-mldsa65", "peer_role": "drone", "session_id": "267e72d2..."}
{"ts": "2025-10-09T15:26:57Z", "level": "INFO", "name": "pqc", "msg": "Control rekey negotiation started", "role": "gcs", "suite_id": "cs-mlkem512-aesgcm-mldsa44", "rid": "9af1fc5f2e4228eb"}
{"ts": "2025-10-09T15:26:58Z", "level": "INFO", "name": "pqc", "msg": "Control rekey successful", "role": "gcs", "suite_id": "cs-mlkem512-aesgcm-mldsa44", "rid": "9af1fc5f2e4228eb", "session_id": "c10cd093..."}
{"ts": "2025-10-09T15:28:07Z", "level": "INFO", "name": "pqc", "msg": "Control rekey negotiation started", "role": "gcs", "suite_id": "cs-mlkem512-aesgcm-falcon512", "rid": "0db34ee1e6291b49"}
{"ts": "2025-10-09T15:28:08Z", "level": "INFO", "name": "pqc", "msg": "Control rekey successful", "role": "gcs", "suite_id": "cs-mlkem512-aesgcm-falcon512", "rid": "0db34ee1e6291b49", "session_id": "baca7220..."}
{"ts": "2025-10-09T15:29:13Z", "level": "INFO", "name": "pqc", "msg": "Control rekey negotiation started", "role": "gcs", "suite_id": "cs-mlkem512-aesgcm-sphincs128fsha2", "rid": "cc6bc7f286359461"}
{"ts": "2025-10-09T15:29:13Z", "level": "INFO", "name": "pqc", "msg": "Control rekey successful", "role": "gcs", "suite_id": "cs-mlkem512-aesgcm-sphincs128fsha2", "rid": "cc6bc7f286359461", "session_id": "ab7ac61a..."}
{"ts": "2025-10-09T15:30:19Z", "level": "INFO", "name": "pqc", "msg": "Control rekey negotiation started", "role": "gcs", "suite_id": "cs-frodokem640aes-aesgcm-mldsa44", "rid": "9d16f958427a8cc3"}
{"ts": "2025-10-09T15:30:20Z", "level": "INFO", "name": "pqc", "msg": "Control rekey successful", "role": "gcs", "suite_id": "cs-frodokem640aes-aesgcm-mldsa44", "rid": "9d16f958427a8cc3", "session_id": "4af82814..."}
{"ts": "2025-10-09T15:31:25Z", "level": "INFO", "name": "pqc", "msg": "Control rekey negotiation started", "role": "gcs", "suite_id": "cs-classicmceliece348864-aesgcm-sphincs128fsha2", "rid": "ea36881db4c1da91"}
{"ts": "2025-10-09T15:31:27Z", "level": "INFO", "name": "pqc", "msg": "Control rekey successful", "role": "gcs", "suite_id": "cs-classicmceliece348864-aesgcm-sphincs128fsha2", "rid": "ea36881db4c1da91", "session_id": "020a93a0..."}
{"ts": "2025-10-09T15:32:32Z", "level": "INFO", "name": "pqc", "msg": "Control rekey negotiation started", "role": "gcs", "suite_id": "cs-hqc128-aesgcm-falcon512", "rid": "f6a9e64bcdec4fe7"}
{"ts": "2025-10-09T15:32:32Z", "level": "INFO", "name": "pqc", "msg": "Control rekey successful", "role": "gcs", "suite_id": "cs-hqc128-aesgcm-falcon512", "rid": "f6a9e64bcdec4fe7", "session_id": "5f4f86be..."}
{"ts": "2025-10-09T15:33:38Z", "level": "INFO", "name": "pqc", "msg": "Control rekey negotiation started", "role": "gcs", "suite_id": "cs-frodokem976aes-aesgcm-mldsa65", "rid": "f53fb4222a14d88d"}
{"ts": "2025-10-09T15:33:38Z", "level": "INFO", "name": "pqc", "msg": "Control rekey successful", "role": "gcs", "suite_id": "cs-frodokem976aes-aesgcm-mldsa65", "rid": "f53fb4222a14d88d", "session_id": "8b11cc5a..."}
{"ts": "2025-10-09T15:34:44Z", "level": "INFO", "name": "pqc", "msg": "Control rekey negotiation started", "role": "gcs", "suite_id": "cs-classicmceliece460896-aesgcm-mldsa65", "rid": "ad47f8a6ef7febd2"}
{"ts": "2025-10-09T15:34:45Z", "level": "INFO", "name": "pqc", "msg": "Control rekey successful", "role": "gcs", "suite_id": "cs-classicmceliece460896-aesgcm-mldsa65", "rid": "ad47f8a6ef7febd2", "session_id": "a4ab8628..."}
{"ts": "2025-10-09T15:35:51Z", "level": "INFO", "name": "pqc", "msg": "Control rekey negotiation started", "role": "gcs", "suite_id": "cs-hqc192-aesgcm-mldsa65", "rid": "8dc383071dc9f233"}
{"ts": "2025-10-09T15:35:51Z", "level": "INFO", "name": "pqc", "msg": "Control rekey successful", "role": "gcs", "suite_id": "cs-hqc192-aesgcm-mldsa65", "rid": "8dc383071dc9f233", "session_id": "8925d012..."}
{"ts": "2025-10-09T15:36:57Z", "level": "INFO", "name": "pqc", "msg": "Control rekey negotiation started", "role": "gcs", "suite_id": "cs-mlkem1024-aesgcm-mldsa87", "rid": "91bfa668f9bab98d"}
{"ts": "2025-10-09T15:36:57Z", "level": "INFO", "name": "pqc", "msg": "Control rekey successful", "role": "gcs", "suite_id": "cs-mlkem1024-aesgcm-mldsa87", "rid": "91bfa668f9bab98d", "session_id": "9010c4d2..."}
{"ts": "2025-10-09T15:38:03Z", "level": "INFO", "name": "pqc", "msg": "Control rekey negotiation started", "role": "gcs", "suite_id": "cs-mlkem1024-aesgcm-falcon1024", "rid": "d354d1aaee5df921"}
{"ts": "2025-10-09T15:38:03Z", "level": "INFO", "name": "pqc", "msg": "Control rekey successful", "role": "gcs", "suite_id": "cs-mlkem1024-aesgcm-falcon1024", "rid": "d354d1aaee5df921", "session_id": "4f6f2fc6..."}
{"ts": "2025-10-09T15:39:10Z", "level": "INFO", "name": "pqc", "msg": "Control rekey negotiation started", "role": "gcs", "suite_id": "cs-mlkem1024-aesgcm-sphincs256fsha2", "rid": "ca4575bc472fe34f"}
{"ts": "2025-10-09T15:39:10Z", "level": "INFO", "name": "pqc", "msg": "Control rekey successful", "role": "gcs", "suite_id": "cs-mlkem1024-aesgcm-sphincs256fsha2", "rid": "ca4575bc472fe34f", "session_id": "07da8136..."}
{"ts": "2025-10-09T15:39:43Z", "level": "WARNING", "name": "pqc", "msg": "Failed to write status file", "role": "gcs", "error": "[WinError 5] Access is denied: 'C:\\\\Users\\\\burak\\\\Desktop\\\\research\\\\logs\\\\auto\\\\gcs\\\\gcs_status.json.tmp' -> 'C:\\\\Users\\\\burak\\\\Desktop\\\\research\\\\logs\\\\auto\\\\gcs\\\\gcs_status.json'", "path": "C:\\Users\\burak\\Desktop\\research\\logs\\auto\\gcs\\gcs_status.json"}
{"ts": "2025-10-09T15:40:16Z", "level": "INFO", "name": "pqc", "msg": "Control rekey negotiation started", "role": "gcs", "suite_id": "cs-classicmceliece8192128-aesgcm-sphincs256fsha2", "rid": "5087a3fc7601940b"}
{"ts": "2025-10-09T15:40:18Z", "level": "INFO", "name": "pqc", "msg": "Control rekey successful", "role": "gcs", "suite_id": "cs-classicmceliece8192128-aesgcm-sphincs256fsha2", "rid": "5087a3fc7601940b", "session_id": "ccf27192..."}
{"ts": "2025-10-09T15:41:23Z", "level": "INFO", "name": "pqc", "msg": "Control rekey negotiation started", "role": "gcs", "suite_id": "cs-hqc256-aesgcm-mldsa87", "rid": "6fc4e0a7c01c5c19"}
{"ts": "2025-10-09T15:41:24Z", "level": "INFO", "name": "pqc", "msg": "Control rekey successful", "role": "gcs", "suite_id": "cs-hqc256-aesgcm-mldsa87", "rid": "6fc4e0a7c01c5c19", "session_id": "1b2a49a0..."}
