{"ts": "2025-10-09T14:44:48Z", "level": "INFO", "name": "pqc", "msg": "PQC handshake completed successfully", "suite_id": "cs-mlkem768-aesgcm-mldsa65", "peer_role": "drone", "session_id": "013331df..."}
{"ts": "2025-10-09T14:45:44Z", "level": "INFO", "name": "pqc", "msg": "Control rekey negotiation started", "role": "gcs", "suite_id": "cs-mlkem512-aesgcm-mldsa44", "rid": "11662bbdad85a1de"}
{"ts": "2025-10-09T14:45:45Z", "level": "INFO", "name": "pqc", "msg": "Control rekey successful", "role": "gcs", "suite_id": "cs-mlkem512-aesgcm-mldsa44", "rid": "11662bbdad85a1de", "session_id": "4cd26a0f..."}
{"ts": "2025-10-09T14:46:51Z", "level": "INFO", "name": "pqc", "msg": "Control rekey negotiation started", "role": "gcs", "suite_id": "cs-mlkem512-aesgcm-falcon512", "rid": "29461fd082815f8e"}
{"ts": "2025-10-09T14:46:51Z", "level": "INFO", "name": "pqc", "msg": "Control rekey successful", "role": "gcs", "suite_id": "cs-mlkem512-aesgcm-falcon512", "rid": "29461fd082815f8e", "session_id": "e98a18f0..."}
{"ts": "2025-10-09T14:47:27Z", "level": "WARNING", "name": "pqc", "msg": "Failed to write status file", "role": "gcs", "error": "[WinError 5] Access is denied: 'C:\\\\Users\\\\burak\\\\Desktop\\\\research\\\\logs\\\\auto\\\\gcs\\\\gcs_status.json.tmp' -> 'C:\\\\Users\\\\burak\\\\Desktop\\\\research\\\\logs\\\\auto\\\\gcs\\\\gcs_status.json'", "path": "C:\\Users\\burak\\Desktop\\research\\logs\\auto\\gcs\\gcs_status.json"}
{"ts": "2025-10-09T14:47:57Z", "level": "INFO", "name": "pqc", "msg": "Control rekey negotiation started", "role": "gcs", "suite_id": "cs-mlkem512-aesgcm-sphincs128fsha2", "rid": "a16f08c5e7cc1ec2"}
{"ts": "2025-10-09T14:47:57Z", "level": "INFO", "name": "pqc", "msg": "Control rekey successful", "role": "gcs", "suite_id": "cs-mlkem512-aesgcm-sphincs128fsha2", "rid": "a16f08c5e7cc1ec2", "session_id": "d911b3ad..."}
{"ts": "2025-10-09T14:49:03Z", "level": "INFO", "name": "pqc", "msg": "Control rekey negotiation started", "role": "gcs", "suite_id": "cs-frodokem640aes-aesgcm-mldsa44", "rid": "e4a3d54d1377b73a"}
{"ts": "2025-10-09T14:49:04Z", "level": "INFO", "name": "pqc", "msg": "Control rekey successful", "role": "gcs", "suite_id": "cs-frodokem640aes-aesgcm-mldsa44", "rid": "e4a3d54d1377b73a", "session_id": "9cb951b3..."}
{"ts": "2025-10-09T14:50:10Z", "level": "INFO", "name": "pqc", "msg": "Control rekey negotiation started", "role": "gcs", "suite_id": "cs-classicmceliece348864-aesgcm-sphincs128fsha2", "rid": "14aca765d69f2745"}
{"ts": "2025-10-09T14:50:10Z", "level": "INFO", "name": "pqc", "msg": "Control rekey successful", "role": "gcs", "suite_id": "cs-classicmceliece348864-aesgcm-sphincs128fsha2", "rid": "14aca765d69f2745", "session_id": "37c25779..."}
{"ts": "2025-10-09T14:51:16Z", "level": "INFO", "name": "pqc", "msg": "Control rekey negotiation started", "role": "gcs", "suite_id": "cs-hqc128-aesgcm-falcon512", "rid": "0fb3cc01d9b78e68"}
{"ts": "2025-10-09T14:51:16Z", "level": "INFO", "name": "pqc", "msg": "Control rekey successful", "role": "gcs", "suite_id": "cs-hqc128-aesgcm-falcon512", "rid": "0fb3cc01d9b78e68", "session_id": "7d502fae..."}
{"ts": "2025-10-09T14:52:12Z", "level": "WARNING", "name": "pqc", "msg": "Failed to write status file", "role": "gcs", "error": "[WinError 5] Access is denied: 'C:\\\\Users\\\\burak\\\\Desktop\\\\research\\\\logs\\\\auto\\\\gcs\\\\gcs_status.json.tmp' -> 'C:\\\\Users\\\\burak\\\\Desktop\\\\research\\\\logs\\\\auto\\\\gcs\\\\gcs_status.json'", "path": "C:\\Users\\burak\\Desktop\\research\\logs\\auto\\gcs\\gcs_status.json"}
{"ts": "2025-10-09T14:52:23Z", "level": "INFO", "name": "pqc", "msg": "Control rekey negotiation started", "role": "gcs", "suite_id": "cs-frodokem976aes-aesgcm-mldsa65", "rid": "01f6bf554572d790"}
{"ts": "2025-10-09T14:52:24Z", "level": "INFO", "name": "pqc", "msg": "Control rekey successful", "role": "gcs", "suite_id": "cs-frodokem976aes-aesgcm-mldsa65", "rid": "01f6bf554572d790", "session_id": "f82b6975..."}
{"ts": "2025-10-09T14:53:29Z", "level": "INFO", "name": "pqc", "msg": "Control rekey negotiation started", "role": "gcs", "suite_id": "cs-classicmceliece460896-aesgcm-mldsa65", "rid": "ec680bf09f73f0c7"}
{"ts": "2025-10-09T14:53:30Z", "level": "INFO", "name": "pqc", "msg": "Control rekey successful", "role": "gcs", "suite_id": "cs-classicmceliece460896-aesgcm-mldsa65", "rid": "ec680bf09f73f0c7", "session_id": "14d2b7e7..."}
{"ts": "2025-10-09T14:54:36Z", "level": "INFO", "name": "pqc", "msg": "Control rekey negotiation started", "role": "gcs", "suite_id": "cs-hqc192-aesgcm-mldsa65", "rid": "e4e0c1eae7eefad8"}
{"ts": "2025-10-09T14:54:37Z", "level": "INFO", "name": "pqc", "msg": "Control rekey successful", "role": "gcs", "suite_id": "cs-hqc192-aesgcm-mldsa65", "rid": "e4e0c1eae7eefad8", "session_id": "9b6e653f..."}
{"ts": "2025-10-09T14:55:45Z", "level": "INFO", "name": "pqc", "msg": "Control rekey negotiation started", "role": "gcs", "suite_id": "cs-mlkem1024-aesgcm-mldsa87", "rid": "d8c5d168e1ae1ddd"}
{"ts": "2025-10-09T14:55:46Z", "level": "INFO", "name": "pqc", "msg": "Control rekey successful", "role": "gcs", "suite_id": "cs-mlkem1024-aesgcm-mldsa87", "rid": "d8c5d168e1ae1ddd", "session_id": "9a86d0a6..."}
{"ts": "2025-10-09T14:56:51Z", "level": "INFO", "name": "pqc", "msg": "Control rekey negotiation started", "role": "gcs", "suite_id": "cs-mlkem1024-aesgcm-falcon1024", "rid": "e19b9aae4ae2f24d"}
{"ts": "2025-10-09T14:56:52Z", "level": "INFO", "name": "pqc", "msg": "Control rekey successful", "role": "gcs", "suite_id": "cs-mlkem1024-aesgcm-falcon1024", "rid": "e19b9aae4ae2f24d", "session_id": "f4c08f11..."}
{"ts": "2025-10-09T14:57:27Z", "level": "WARNING", "name": "pqc", "msg": "Failed to write status file", "role": "gcs", "error": "[WinError 5] Access is denied: 'C:\\\\Users\\\\burak\\\\Desktop\\\\research\\\\logs\\\\auto\\\\gcs\\\\gcs_status.json.tmp' -> 'C:\\\\Users\\\\burak\\\\Desktop\\\\research\\\\logs\\\\auto\\\\gcs\\\\gcs_status.json'", "path": "C:\\Users\\burak\\Desktop\\research\\logs\\auto\\gcs\\gcs_status.json"}
{"ts": "2025-10-09T14:57:58Z", "level": "INFO", "name": "pqc", "msg": "Control rekey negotiation started", "role": "gcs", "suite_id": "cs-mlkem1024-aesgcm-sphincs256fsha2", "rid": "78b834c210367c1c"}
{"ts": "2025-10-09T14:57:59Z", "level": "INFO", "name": "pqc", "msg": "Control rekey successful", "role": "gcs", "suite_id": "cs-mlkem1024-aesgcm-sphincs256fsha2", "rid": "78b834c210367c1c", "session_id": "09e5e840..."}
{"ts": "2025-10-09T14:59:07Z", "level": "INFO", "name": "pqc", "msg": "Control rekey negotiation started", "role": "gcs", "suite_id": "cs-classicmceliece8192128-aesgcm-sphincs256fsha2", "rid": "1681cc1374c05216"}
{"ts": "2025-10-09T14:59:09Z", "level": "INFO", "name": "pqc", "msg": "Control rekey successful", "role": "gcs", "suite_id": "cs-classicmceliece8192128-aesgcm-sphincs256fsha2", "rid": "1681cc1374c05216", "session_id": "91bf1f09..."}
{"ts": "2025-10-09T15:00:14Z", "level": "INFO", "name": "pqc", "msg": "Control rekey negotiation started", "role": "gcs", "suite_id": "cs-hqc256-aesgcm-mldsa87", "rid": "4d2c072a9cc61971"}
{"ts": "2025-10-09T15:00:16Z", "level": "INFO", "name": "pqc", "msg": "Control rekey successful", "role": "gcs", "suite_id": "cs-hqc256-aesgcm-mldsa87", "rid": "4d2c072a9cc61971", "session_id": "9919810b..."}
