{"ts": "2025-10-08T08:11:46Z", "level": "INFO", "name": "pqc", "msg": "PQC handshake completed successfully", "taskName": null, "suite_id": "cs-mlkem768-aesgcm-mldsa65", "peer_role": "drone", "session_id": "4de73ae0..."}
{"ts": "2025-10-08T08:12:49Z", "level": "INFO", "name": "pqc", "msg": "Control rekey negotiation started", "taskName": null, "role": "gcs", "suite_id": "cs-mlkem512-aesgcm-mldsa44", "rid": "e3fae67e38c4e987"}
{"ts": "2025-10-08T08:12:49Z", "level": "INFO", "name": "pqc", "msg": "Control rekey successful", "taskName": null, "role": "gcs", "suite_id": "cs-mlkem512-aesgcm-mldsa44", "rid": "e3fae67e38c4e987", "session_id": "936fd095..."}
{"ts": "2025-10-08T08:13:55Z", "level": "INFO", "name": "pqc", "msg": "Control rekey negotiation started", "taskName": null, "role": "gcs", "suite_id": "cs-mlkem512-aesgcm-mldsa65", "rid": "c6300f58a9fd37c8"}
{"ts": "2025-10-08T08:13:55Z", "level": "INFO", "name": "pqc", "msg": "Control rekey successful", "taskName": null, "role": "gcs", "suite_id": "cs-mlkem512-aesgcm-mldsa65", "rid": "c6300f58a9fd37c8", "session_id": "9e49e063..."}
{"ts": "2025-10-08T08:15:02Z", "level": "INFO", "name": "pqc", "msg": "Control rekey negotiation started", "taskName": null, "role": "gcs", "suite_id": "cs-mlkem512-aesgcm-mldsa87", "rid": "1e34527bad67f749"}
{"ts": "2025-10-08T08:15:02Z", "level": "INFO", "name": "pqc", "msg": "Control rekey successful", "taskName": null, "role": "gcs", "suite_id": "cs-mlkem512-aesgcm-mldsa87", "rid": "1e34527bad67f749", "session_id": "c3effcdd..."}
{"ts": "2025-10-08T08:16:08Z", "level": "INFO", "name": "pqc", "msg": "Control rekey negotiation started", "taskName": null, "role": "gcs", "suite_id": "cs-mlkem512-aesgcm-falcon512", "rid": "1cf02a184bd5bb55"}
{"ts": "2025-10-08T08:16:08Z", "level": "INFO", "name": "pqc", "msg": "Control rekey successful", "taskName": null, "role": "gcs", "suite_id": "cs-mlkem512-aesgcm-falcon512", "rid": "1cf02a184bd5bb55", "session_id": "afb21c8d..."}
{"ts": "2025-10-08T08:17:14Z", "level": "INFO", "name": "pqc", "msg": "Control rekey negotiation started", "taskName": null, "role": "gcs", "suite_id": "cs-mlkem512-aesgcm-falcon1024", "rid": "212b938e1abb7a39"}
{"ts": "2025-10-08T08:17:14Z", "level": "INFO", "name": "pqc", "msg": "Control rekey successful", "taskName": null, "role": "gcs", "suite_id": "cs-mlkem512-aesgcm-falcon1024", "rid": "212b938e1abb7a39", "session_id": "f20bc35a..."}
{"ts": "2025-10-08T08:18:21Z", "level": "INFO", "name": "pqc", "msg": "Control rekey negotiation started", "taskName": null, "role": "gcs", "suite_id": "cs-mlkem512-aesgcm-sphincs128fsha2", "rid": "76e14d884dc00c27"}
{"ts": "2025-10-08T08:18:21Z", "level": "INFO", "name": "pqc", "msg": "Control rekey successful", "taskName": null, "role": "gcs", "suite_id": "cs-mlkem512-aesgcm-sphincs128fsha2", "rid": "76e14d884dc00c27", "session_id": "e07e73ac..."}
{"ts": "2025-10-08T08:19:27Z", "level": "INFO", "name": "pqc", "msg": "Control rekey negotiation started", "taskName": null, "role": "gcs", "suite_id": "cs-mlkem512-aesgcm-sphincs256fsha2", "rid": "103f610c9a997d3a"}
{"ts": "2025-10-08T08:19:27Z", "level": "INFO", "name": "pqc", "msg": "Control rekey successful", "taskName": null, "role": "gcs", "suite_id": "cs-mlkem512-aesgcm-sphincs256fsha2", "rid": "103f610c9a997d3a", "session_id": "f1da0814..."}
{"ts": "2025-10-08T08:20:33Z", "level": "INFO", "name": "pqc", "msg": "Control rekey negotiation started", "taskName": null, "role": "gcs", "suite_id": "cs-mlkem768-aesgcm-mldsa44", "rid": "ccd8b3be68acd3a6"}
{"ts": "2025-10-08T08:20:33Z", "level": "INFO", "name": "pqc", "msg": "Control rekey successful", "taskName": null, "role": "gcs", "suite_id": "cs-mlkem768-aesgcm-mldsa44", "rid": "ccd8b3be68acd3a6", "session_id": "5070edc3..."}
{"ts": "2025-10-08T08:21:37Z", "level": "WARNING", "name": "pqc", "msg": "Failed to write status file", "taskName": null, "role": "gcs", "error": "[WinError 5] Access is denied: 'C:\\\\Users\\\\burak\\\\Desktop\\\\research\\\\logs\\\\auto\\\\gcs\\\\gcs_status.json.tmp' -> 'C:\\\\Users\\\\burak\\\\Desktop\\\\research\\\\logs\\\\auto\\\\gcs\\\\gcs_status.json'", "path": "C:\\Users\\burak\\Desktop\\research\\logs\\auto\\gcs\\gcs_status.json"}
{"ts": "2025-10-08T08:21:40Z", "level": "INFO", "name": "pqc", "msg": "Control rekey negotiation started", "taskName": null, "role": "gcs", "suite_id": "cs-mlkem768-aesgcm-mldsa87", "rid": "bdaed6c3c586eab8"}
{"ts": "2025-10-08T08:21:40Z", "level": "INFO", "name": "pqc", "msg": "Control rekey successful", "taskName": null, "role": "gcs", "suite_id": "cs-mlkem768-aesgcm-mldsa87", "rid": "bdaed6c3c586eab8", "session_id": "3c45fa51..."}
{"ts": "2025-10-08T08:22:46Z", "level": "INFO", "name": "pqc", "msg": "Control rekey negotiation started", "taskName": null, "role": "gcs", "suite_id": "cs-mlkem768-aesgcm-falcon512", "rid": "b2acf8b1c352ad7e"}
{"ts": "2025-10-08T08:22:46Z", "level": "INFO", "name": "pqc", "msg": "Control rekey successful", "taskName": null, "role": "gcs", "suite_id": "cs-mlkem768-aesgcm-falcon512", "rid": "b2acf8b1c352ad7e", "session_id": "08a1a09d..."}
{"ts": "2025-10-08T08:23:52Z", "level": "INFO", "name": "pqc", "msg": "Control rekey negotiation started", "taskName": null, "role": "gcs", "suite_id": "cs-mlkem768-aesgcm-falcon1024", "rid": "e5228a4c7aa3ee77"}
{"ts": "2025-10-08T08:23:53Z", "level": "INFO", "name": "pqc", "msg": "Control rekey successful", "taskName": null, "role": "gcs", "suite_id": "cs-mlkem768-aesgcm-falcon1024", "rid": "e5228a4c7aa3ee77", "session_id": "8c517304..."}
{"ts": "2025-10-08T08:24:59Z", "level": "INFO", "name": "pqc", "msg": "Control rekey negotiation started", "taskName": null, "role": "gcs", "suite_id": "cs-mlkem768-aesgcm-sphincs128fsha2", "rid": "a8e88d952b13a36c"}
{"ts": "2025-10-08T08:24:59Z", "level": "INFO", "name": "pqc", "msg": "Control rekey successful", "taskName": null, "role": "gcs", "suite_id": "cs-mlkem768-aesgcm-sphincs128fsha2", "rid": "a8e88d952b13a36c", "session_id": "e59b30da..."}
{"ts": "2025-10-08T08:25:14Z", "level": "WARNING", "name": "pqc", "msg": "Failed to write status file", "taskName": null, "role": "gcs", "error": "[WinError 5] Access is denied: 'C:\\\\Users\\\\burak\\\\Desktop\\\\research\\\\logs\\\\auto\\\\gcs\\\\gcs_status.json.tmp' -> 'C:\\\\Users\\\\burak\\\\Desktop\\\\research\\\\logs\\\\auto\\\\gcs\\\\gcs_status.json'", "path": "C:\\Users\\burak\\Desktop\\research\\logs\\auto\\gcs\\gcs_status.json"}
{"ts": "2025-10-08T08:26:05Z", "level": "INFO", "name": "pqc", "msg": "Control rekey negotiation started", "taskName": null, "role": "gcs", "suite_id": "cs-mlkem768-aesgcm-sphincs256fsha2", "rid": "f329a12ec82359d8"}
{"ts": "2025-10-08T08:26:06Z", "level": "INFO", "name": "pqc", "msg": "Control rekey successful", "taskName": null, "role": "gcs", "suite_id": "cs-mlkem768-aesgcm-sphincs256fsha2", "rid": "f329a12ec82359d8", "session_id": "b8457fec..."}
{"ts": "2025-10-08T08:27:12Z", "level": "INFO", "name": "pqc", "msg": "Control rekey negotiation started", "taskName": null, "role": "gcs", "suite_id": "cs-mlkem1024-aesgcm-mldsa44", "rid": "bfc2634628db9103"}
{"ts": "2025-10-08T08:27:12Z", "level": "INFO", "name": "pqc", "msg": "Control rekey successful", "taskName": null, "role": "gcs", "suite_id": "cs-mlkem1024-aesgcm-mldsa44", "rid": "bfc2634628db9103", "session_id": "66cb5b5d..."}
{"ts": "2025-10-08T08:28:18Z", "level": "INFO", "name": "pqc", "msg": "Control rekey negotiation started", "taskName": null, "role": "gcs", "suite_id": "cs-mlkem1024-aesgcm-mldsa65", "rid": "eaf34a788957af30"}
{"ts": "2025-10-08T08:28:18Z", "level": "INFO", "name": "pqc", "msg": "Control rekey successful", "taskName": null, "role": "gcs", "suite_id": "cs-mlkem1024-aesgcm-mldsa65", "rid": "eaf34a788957af30", "session_id": "8b36cb0f..."}
{"ts": "2025-10-08T08:29:24Z", "level": "INFO", "name": "pqc", "msg": "Control rekey negotiation started", "taskName": null, "role": "gcs", "suite_id": "cs-mlkem1024-aesgcm-mldsa87", "rid": "c30ea3339a255be6"}
{"ts": "2025-10-08T08:29:24Z", "level": "INFO", "name": "pqc", "msg": "Control rekey successful", "taskName": null, "role": "gcs", "suite_id": "cs-mlkem1024-aesgcm-mldsa87", "rid": "c30ea3339a255be6", "session_id": "cd192e84..."}
{"ts": "2025-10-08T08:30:31Z", "level": "INFO", "name": "pqc", "msg": "Control rekey negotiation started", "taskName": null, "role": "gcs", "suite_id": "cs-mlkem1024-aesgcm-falcon512", "rid": "451e7e68df2d82a1"}
{"ts": "2025-10-08T08:30:31Z", "level": "INFO", "name": "pqc", "msg": "Control rekey successful", "taskName": null, "role": "gcs", "suite_id": "cs-mlkem1024-aesgcm-falcon512", "rid": "451e7e68df2d82a1", "session_id": "ca406455..."}
{"ts": "2025-10-08T08:31:26Z", "level": "WARNING", "name": "pqc", "msg": "Failed to write status file", "taskName": null, "role": "gcs", "error": "[WinError 5] Access is denied: 'C:\\\\Users\\\\burak\\\\Desktop\\\\research\\\\logs\\\\auto\\\\gcs\\\\gcs_status.json.tmp' -> 'C:\\\\Users\\\\burak\\\\Desktop\\\\research\\\\logs\\\\auto\\\\gcs\\\\gcs_status.json'", "path": "C:\\Users\\burak\\Desktop\\research\\logs\\auto\\gcs\\gcs_status.json"}
{"ts": "2025-10-08T08:31:37Z", "level": "INFO", "name": "pqc", "msg": "Control rekey negotiation started", "taskName": null, "role": "gcs", "suite_id": "cs-mlkem1024-aesgcm-falcon1024", "rid": "ef27eb883116590c"}
{"ts": "2025-10-08T08:31:38Z", "level": "INFO", "name": "pqc", "msg": "Control rekey successful", "taskName": null, "role": "gcs", "suite_id": "cs-mlkem1024-aesgcm-falcon1024", "rid": "ef27eb883116590c", "session_id": "e78797ae..."}
{"ts": "2025-10-08T08:32:18Z", "level": "WARNING", "name": "pqc", "msg": "Failed to write status file", "taskName": null, "role": "gcs", "error": "[WinError 5] Access is denied: 'C:\\\\Users\\\\burak\\\\Desktop\\\\research\\\\logs\\\\auto\\\\gcs\\\\gcs_status.json.tmp' -> 'C:\\\\Users\\\\burak\\\\Desktop\\\\research\\\\logs\\\\auto\\\\gcs\\\\gcs_status.json'", "path": "C:\\Users\\burak\\Desktop\\research\\logs\\auto\\gcs\\gcs_status.json"}
{"ts": "2025-10-08T08:32:43Z", "level": "INFO", "name": "pqc", "msg": "Control rekey negotiation started", "taskName": null, "role": "gcs", "suite_id": "cs-mlkem1024-aesgcm-sphincs128fsha2", "rid": "3fe8711e516c9b31"}
{"ts": "2025-10-08T08:32:44Z", "level": "INFO", "name": "pqc", "msg": "Control rekey successful", "taskName": null, "role": "gcs", "suite_id": "cs-mlkem1024-aesgcm-sphincs128fsha2", "rid": "3fe8711e516c9b31", "session_id": "1129a1a3..."}
{"ts": "2025-10-08T08:33:50Z", "level": "INFO", "name": "pqc", "msg": "Control rekey negotiation started", "taskName": null, "role": "gcs", "suite_id": "cs-mlkem1024-aesgcm-sphincs256fsha2", "rid": "dab4803948ccfd5a"}
{"ts": "2025-10-08T08:33:50Z", "level": "INFO", "name": "pqc", "msg": "Control rekey successful", "taskName": null, "role": "gcs", "suite_id": "cs-mlkem1024-aesgcm-sphincs256fsha2", "rid": "dab4803948ccfd5a", "session_id": "13e56f9e..."}
