{"ts": "2025-10-06T21:48:36Z", "level": "INFO", "name": "pqc", "msg": "PQC handshake completed successfully", "taskName": null, "suite_id": "cs-mlkem768-aesgcm-mldsa65", "peer_role": "drone", "session_id": "89a7f6d3..."}
{"ts": "2025-10-06T21:52:01Z", "level": "INFO", "name": "pqc", "msg": "Control rekey negotiation started", "taskName": null, "role": "gcs", "suite_id": "cs-mlkem512-aesgcm-mldsa44", "rid": "4eb4aad8c22e5199"}
{"ts": "2025-10-06T21:52:01Z", "level": "INFO", "name": "pqc", "msg": "Control rekey successful", "taskName": null, "role": "gcs", "suite_id": "cs-mlkem512-aesgcm-mldsa44", "rid": "4eb4aad8c22e5199", "session_id": "8eea6aea..."}
{"ts": "2025-10-06T21:55:26Z", "level": "INFO", "name": "pqc", "msg": "Control rekey negotiation started", "taskName": null, "role": "gcs", "suite_id": "cs-mlkem512-aesgcm-mldsa65", "rid": "17286103fc761158"}
{"ts": "2025-10-06T21:55:26Z", "level": "INFO", "name": "pqc", "msg": "Control rekey successful", "taskName": null, "role": "gcs", "suite_id": "cs-mlkem512-aesgcm-mldsa65", "rid": "17286103fc761158", "session_id": "df7eb5e6..."}
{"ts": "2025-10-06T22:02:44Z", "level": "INFO", "name": "pqc", "msg": "Control rekey negotiation started", "taskName": null, "role": "gcs", "suite_id": "cs-mlkem512-aesgcm-mldsa87", "rid": "672f00333caf86ee"}
{"ts": "2025-10-06T22:02:46Z", "level": "INFO", "name": "pqc", "msg": "Control rekey successful", "taskName": null, "role": "gcs", "suite_id": "cs-mlkem512-aesgcm-mldsa87", "rid": "672f00333caf86ee", "session_id": "297a74d9..."}
{"ts": "2025-10-06T22:07:45Z", "level": "INFO", "name": "pqc", "msg": "Control rekey negotiation started", "taskName": null, "role": "gcs", "suite_id": "cs-mlkem512-aesgcm-falcon512", "rid": "34eab3a592689256"}
{"ts": "2025-10-06T22:07:46Z", "level": "INFO", "name": "pqc", "msg": "Control rekey successful", "taskName": null, "role": "gcs", "suite_id": "cs-mlkem512-aesgcm-falcon512", "rid": "34eab3a592689256", "session_id": "25a306ae..."}
{"ts": "2025-10-06T22:14:19Z", "level": "INFO", "name": "pqc", "msg": "Control rekey negotiation started", "taskName": null, "role": "gcs", "suite_id": "cs-mlkem512-aesgcm-falcon1024", "rid": "31b9b02ddcf81883"}
{"ts": "2025-10-06T22:14:19Z", "level": "INFO", "name": "pqc", "msg": "Control rekey successful", "taskName": null, "role": "gcs", "suite_id": "cs-mlkem512-aesgcm-falcon1024", "rid": "31b9b02ddcf81883", "session_id": "7305b544..."}
{"ts": "2025-10-06T22:14:46Z", "level": "WARNING", "name": "pqc", "msg": "Failed to write status file", "taskName": null, "role": "gcs", "error": "[WinError 5] Access is denied: 'C:\\\\Users\\\\burak\\\\Desktop\\\\research\\\\logs\\\\auto\\\\gcs\\\\gcs_status.json.tmp' -> 'C:\\\\Users\\\\burak\\\\Desktop\\\\research\\\\logs\\\\auto\\\\gcs\\\\gcs_status.json'", "path": "C:\\Users\\burak\\Desktop\\research\\logs\\auto\\gcs\\gcs_status.json"}
{"ts": "2025-10-06T22:16:06Z", "level": "WARNING", "name": "pqc", "msg": "Failed to write status file", "taskName": null, "role": "gcs", "error": "[WinError 5] Access is denied: 'C:\\\\Users\\\\burak\\\\Desktop\\\\research\\\\logs\\\\auto\\\\gcs\\\\gcs_status.json.tmp' -> 'C:\\\\Users\\\\burak\\\\Desktop\\\\research\\\\logs\\\\auto\\\\gcs\\\\gcs_status.json'", "path": "C:\\Users\\burak\\Desktop\\research\\logs\\auto\\gcs\\gcs_status.json"}
{"ts": "2025-10-06T22:16:12Z", "level": "WARNING", "name": "pqc", "msg": "Failed to write status file", "taskName": null, "role": "gcs", "error": "[WinError 5] Access is denied: 'C:\\\\Users\\\\burak\\\\Desktop\\\\research\\\\logs\\\\auto\\\\gcs\\\\gcs_status.json.tmp' -> 'C:\\\\Users\\\\burak\\\\Desktop\\\\research\\\\logs\\\\auto\\\\gcs\\\\gcs_status.json'", "path": "C:\\Users\\burak\\Desktop\\research\\logs\\auto\\gcs\\gcs_status.json"}
{"ts": "2025-10-06T22:16:59Z", "level": "WARNING", "name": "pqc", "msg": "Failed to write status file", "taskName": null, "role": "gcs", "error": "[WinError 5] Access is denied: 'C:\\\\Users\\\\burak\\\\Desktop\\\\research\\\\logs\\\\auto\\\\gcs\\\\gcs_status.json.tmp' -> 'C:\\\\Users\\\\burak\\\\Desktop\\\\research\\\\logs\\\\auto\\\\gcs\\\\gcs_status.json'", "path": "C:\\Users\\burak\\Desktop\\research\\logs\\auto\\gcs\\gcs_status.json"}
{"ts": "2025-10-06T22:20:50Z", "level": "INFO", "name": "pqc", "msg": "Control rekey negotiation started", "taskName": null, "role": "gcs", "suite_id": "cs-mlkem512-aesgcm-sphincs128fsha2", "rid": "5fbe813ed5f87fd9"}
{"ts": "2025-10-06T22:20:50Z", "level": "INFO", "name": "pqc", "msg": "Control rekey successful", "taskName": null, "role": "gcs", "suite_id": "cs-mlkem512-aesgcm-sphincs128fsha2", "rid": "5fbe813ed5f87fd9", "session_id": "8ddef9e2..."}
{"ts": "2025-10-06T22:24:15Z", "level": "INFO", "name": "pqc", "msg": "Control rekey negotiation started", "taskName": null, "role": "gcs", "suite_id": "cs-mlkem512-aesgcm-sphincs256fsha2", "rid": "dc5293f55895d606"}
{"ts": "2025-10-06T22:24:15Z", "level": "INFO", "name": "pqc", "msg": "Control rekey successful", "taskName": null, "role": "gcs", "suite_id": "cs-mlkem512-aesgcm-sphincs256fsha2", "rid": "dc5293f55895d606", "session_id": "073c68ec..."}
{"ts": "2025-10-06T22:30:00Z", "level": "INFO", "name": "pqc", "msg": "Control rekey negotiation started", "taskName": null, "role": "gcs", "suite_id": "cs-mlkem768-aesgcm-mldsa44", "rid": "67119c9f820c593a"}
{"ts": "2025-10-06T22:30:00Z", "level": "INFO", "name": "pqc", "msg": "Control rekey successful", "taskName": null, "role": "gcs", "suite_id": "cs-mlkem768-aesgcm-mldsa44", "rid": "67119c9f820c593a", "session_id": "d119b6ca..."}
{"ts": "2025-10-06T22:34:59Z", "level": "INFO", "name": "pqc", "msg": "Control rekey negotiation started", "taskName": null, "role": "gcs", "suite_id": "cs-mlkem768-aesgcm-mldsa87", "rid": "42914038fede5d7a"}
{"ts": "2025-10-06T22:34:59Z", "level": "INFO", "name": "pqc", "msg": "Control rekey successful", "taskName": null, "role": "gcs", "suite_id": "cs-mlkem768-aesgcm-mldsa87", "rid": "42914038fede5d7a", "session_id": "b6768f8c..."}
{"ts": "2025-10-06T22:40:46Z", "level": "INFO", "name": "pqc", "msg": "Control rekey negotiation started", "taskName": null, "role": "gcs", "suite_id": "cs-mlkem768-aesgcm-falcon512", "rid": "cf3a98ded0888c80"}
{"ts": "2025-10-06T22:40:46Z", "level": "INFO", "name": "pqc", "msg": "Control rekey successful", "taskName": null, "role": "gcs", "suite_id": "cs-mlkem768-aesgcm-falcon512", "rid": "cf3a98ded0888c80", "session_id": "51cc33cc..."}
{"ts": "2025-10-06T22:45:44Z", "level": "INFO", "name": "pqc", "msg": "Control rekey negotiation started", "taskName": null, "role": "gcs", "suite_id": "cs-mlkem768-aesgcm-falcon1024", "rid": "54c87e61a96275c2"}
{"ts": "2025-10-06T22:45:44Z", "level": "INFO", "name": "pqc", "msg": "Control rekey successful", "taskName": null, "role": "gcs", "suite_id": "cs-mlkem768-aesgcm-falcon1024", "rid": "54c87e61a96275c2", "session_id": "7b0cabfa..."}
{"ts": "2025-10-06T22:51:31Z", "level": "INFO", "name": "pqc", "msg": "Control rekey negotiation started", "taskName": null, "role": "gcs", "suite_id": "cs-mlkem768-aesgcm-sphincs128fsha2", "rid": "93a64d2fa8dace39"}
{"ts": "2025-10-06T22:51:31Z", "level": "INFO", "name": "pqc", "msg": "Control rekey successful", "taskName": null, "role": "gcs", "suite_id": "cs-mlkem768-aesgcm-sphincs128fsha2", "rid": "93a64d2fa8dace39", "session_id": "7a603fb3..."}
{"ts": "2025-10-06T22:56:29Z", "level": "INFO", "name": "pqc", "msg": "Control rekey negotiation started", "taskName": null, "role": "gcs", "suite_id": "cs-mlkem768-aesgcm-sphincs256fsha2", "rid": "9de20a5298a30366"}
{"ts": "2025-10-06T22:56:29Z", "level": "INFO", "name": "pqc", "msg": "Control rekey successful", "taskName": null, "role": "gcs", "suite_id": "cs-mlkem768-aesgcm-sphincs256fsha2", "rid": "9de20a5298a30366", "session_id": "65760889..."}
{"ts": "2025-10-06T22:56:30Z", "level": "WARNING", "name": "pqc", "msg": "Failed to write status file", "taskName": null, "role": "gcs", "error": "[WinError 5] Access is denied: 'C:\\\\Users\\\\burak\\\\Desktop\\\\research\\\\logs\\\\auto\\\\gcs\\\\gcs_status.json.tmp' -> 'C:\\\\Users\\\\burak\\\\Desktop\\\\research\\\\logs\\\\auto\\\\gcs\\\\gcs_status.json'", "path": "C:\\Users\\burak\\Desktop\\research\\logs\\auto\\gcs\\gcs_status.json"}
{"ts": "2025-10-06T23:02:16Z", "level": "INFO", "name": "pqc", "msg": "Control rekey negotiation started", "taskName": null, "role": "gcs", "suite_id": "cs-mlkem1024-aesgcm-mldsa44", "rid": "5baf3814cfc4f7eb"}
{"ts": "2025-10-06T23:02:16Z", "level": "INFO", "name": "pqc", "msg": "Control rekey successful", "taskName": null, "role": "gcs", "suite_id": "cs-mlkem1024-aesgcm-mldsa44", "rid": "5baf3814cfc4f7eb", "session_id": "02e4cadd..."}
{"ts": "2025-10-06T23:05:41Z", "level": "INFO", "name": "pqc", "msg": "Control rekey negotiation started", "taskName": null, "role": "gcs", "suite_id": "cs-mlkem1024-aesgcm-mldsa65", "rid": "2d5d2f78b9f49956"}
{"ts": "2025-10-06T23:05:41Z", "level": "INFO", "name": "pqc", "msg": "Control rekey successful", "taskName": null, "role": "gcs", "suite_id": "cs-mlkem1024-aesgcm-mldsa65", "rid": "2d5d2f78b9f49956", "session_id": "45f28a7f..."}
{"ts": "2025-10-06T23:12:13Z", "level": "INFO", "name": "pqc", "msg": "Control rekey negotiation started", "taskName": null, "role": "gcs", "suite_id": "cs-mlkem1024-aesgcm-mldsa87", "rid": "e16da89deb32205d"}
{"ts": "2025-10-06T23:12:13Z", "level": "INFO", "name": "pqc", "msg": "Control rekey successful", "taskName": null, "role": "gcs", "suite_id": "cs-mlkem1024-aesgcm-mldsa87", "rid": "e16da89deb32205d", "session_id": "c730e894..."}
{"ts": "2025-10-06T23:17:14Z", "level": "INFO", "name": "pqc", "msg": "Control rekey negotiation started", "taskName": null, "role": "gcs", "suite_id": "cs-mlkem1024-aesgcm-falcon512", "rid": "8937c4b43b16884f"}
{"ts": "2025-10-06T23:17:14Z", "level": "INFO", "name": "pqc", "msg": "Control rekey successful", "taskName": null, "role": "gcs", "suite_id": "cs-mlkem1024-aesgcm-falcon512", "rid": "8937c4b43b16884f", "session_id": "eb79fb37..."}
{"ts": "2025-10-06T23:23:48Z", "level": "INFO", "name": "pqc", "msg": "Control rekey negotiation started", "taskName": null, "role": "gcs", "suite_id": "cs-mlkem1024-aesgcm-falcon1024", "rid": "6943caf6b0a7507d"}
{"ts": "2025-10-06T23:23:48Z", "level": "INFO", "name": "pqc", "msg": "Control rekey successful", "taskName": null, "role": "gcs", "suite_id": "cs-mlkem1024-aesgcm-falcon1024", "rid": "6943caf6b0a7507d", "session_id": "0d93bd1b..."}
{"ts": "2025-10-06T23:31:52Z", "level": "INFO", "name": "pqc", "msg": "Control rekey negotiation started", "taskName": null, "role": "gcs", "suite_id": "cs-mlkem1024-aesgcm-sphincs128fsha2", "rid": "67e289ae18957373"}
{"ts": "2025-10-06T23:31:52Z", "level": "INFO", "name": "pqc", "msg": "Control rekey successful", "taskName": null, "role": "gcs", "suite_id": "cs-mlkem1024-aesgcm-sphincs128fsha2", "rid": "67e289ae18957373", "session_id": "f5adf87a..."}
{"ts": "2025-10-06T23:37:36Z", "level": "INFO", "name": "pqc", "msg": "Control rekey negotiation started", "taskName": null, "role": "gcs", "suite_id": "cs-mlkem1024-aesgcm-sphincs256fsha2", "rid": "c13334bf6fe0ff5b"}
{"ts": "2025-10-06T23:37:36Z", "level": "INFO", "name": "pqc", "msg": "Control rekey successful", "taskName": null, "role": "gcs", "suite_id": "cs-mlkem1024-aesgcm-sphincs256fsha2", "rid": "c13334bf6fe0ff5b", "session_id": "b4335306..."}
