{"ts": "2025-10-07T15:49:08Z", "level": "INFO", "name": "pqc", "msg": "PQC handshake completed successfully", "taskName": null, "suite_id": "cs-mlkem768-aesgcm-mldsa65", "peer_role": "drone", "session_id": "e969df84..."}
{"ts": "2025-10-07T15:50:13Z", "level": "INFO", "name": "pqc", "msg": "Control rekey negotiation started", "taskName": null, "role": "gcs", "suite_id": "cs-mlkem512-aesgcm-mldsa44", "rid": "eb37b9a99145040b"}
{"ts": "2025-10-07T15:50:14Z", "level": "INFO", "name": "pqc", "msg": "Control rekey successful", "taskName": null, "role": "gcs", "suite_id": "cs-mlkem512-aesgcm-mldsa44", "rid": "eb37b9a99145040b", "session_id": "e8b4e7d2..."}
{"ts": "2025-10-07T15:51:20Z", "level": "INFO", "name": "pqc", "msg": "Control rekey negotiation started", "taskName": null, "role": "gcs", "suite_id": "cs-mlkem512-aesgcm-mldsa65", "rid": "4356083c21121ae3"}
{"ts": "2025-10-07T15:51:20Z", "level": "INFO", "name": "pqc", "msg": "Control rekey successful", "taskName": null, "role": "gcs", "suite_id": "cs-mlkem512-aesgcm-mldsa65", "rid": "4356083c21121ae3", "session_id": "31c25de6..."}
{"ts": "2025-10-07T15:51:37Z", "level": "WARNING", "name": "pqc", "msg": "Failed to write status file", "taskName": null, "role": "gcs", "error": "[WinError 5] Access is denied: 'C:\\\\Users\\\\burak\\\\Desktop\\\\research\\\\logs\\\\auto\\\\gcs\\\\gcs_status.json.tmp' -> 'C:\\\\Users\\\\burak\\\\Desktop\\\\research\\\\logs\\\\auto\\\\gcs\\\\gcs_status.json'", "path": "C:\\Users\\burak\\Desktop\\research\\logs\\auto\\gcs\\gcs_status.json"}
{"ts": "2025-10-07T15:52:26Z", "level": "INFO", "name": "pqc", "msg": "Control rekey negotiation started", "taskName": null, "role": "gcs", "suite_id": "cs-mlkem512-aesgcm-mldsa87", "rid": "8439dc54c0928b0a"}
{"ts": "2025-10-07T15:52:26Z", "level": "INFO", "name": "pqc", "msg": "Control rekey successful", "taskName": null, "role": "gcs", "suite_id": "cs-mlkem512-aesgcm-mldsa87", "rid": "8439dc54c0928b0a", "session_id": "5f714aa2..."}
{"ts": "2025-10-07T15:53:33Z", "level": "INFO", "name": "pqc", "msg": "Control rekey negotiation started", "taskName": null, "role": "gcs", "suite_id": "cs-mlkem512-aesgcm-falcon512", "rid": "9133557300da8497"}
{"ts": "2025-10-07T15:53:34Z", "level": "INFO", "name": "pqc", "msg": "Control rekey successful", "taskName": null, "role": "gcs", "suite_id": "cs-mlkem512-aesgcm-falcon512", "rid": "9133557300da8497", "session_id": "703acc7f..."}
{"ts": "2025-10-07T15:54:39Z", "level": "INFO", "name": "pqc", "msg": "Control rekey negotiation started", "taskName": null, "role": "gcs", "suite_id": "cs-mlkem512-aesgcm-falcon1024", "rid": "4c6f42ade668082d"}
{"ts": "2025-10-07T15:54:39Z", "level": "INFO", "name": "pqc", "msg": "Control rekey successful", "taskName": null, "role": "gcs", "suite_id": "cs-mlkem512-aesgcm-falcon1024", "rid": "4c6f42ade668082d", "session_id": "b2c75ce7..."}
{"ts": "2025-10-07T15:55:46Z", "level": "INFO", "name": "pqc", "msg": "Control rekey negotiation started", "taskName": null, "role": "gcs", "suite_id": "cs-mlkem512-aesgcm-sphincs128fsha2", "rid": "762e58bc4b4d23af"}
{"ts": "2025-10-07T15:55:47Z", "level": "INFO", "name": "pqc", "msg": "Control rekey successful", "taskName": null, "role": "gcs", "suite_id": "cs-mlkem512-aesgcm-sphincs128fsha2", "rid": "762e58bc4b4d23af", "session_id": "63662741..."}
{"ts": "2025-10-07T15:56:52Z", "level": "INFO", "name": "pqc", "msg": "Control rekey negotiation started", "taskName": null, "role": "gcs", "suite_id": "cs-mlkem512-aesgcm-sphincs256fsha2", "rid": "5e41ec68880516fd"}
{"ts": "2025-10-07T15:56:54Z", "level": "INFO", "name": "pqc", "msg": "Control rekey successful", "taskName": null, "role": "gcs", "suite_id": "cs-mlkem512-aesgcm-sphincs256fsha2", "rid": "5e41ec68880516fd", "session_id": "c70ab9b5..."}
{"ts": "2025-10-07T15:58:01Z", "level": "INFO", "name": "pqc", "msg": "Control rekey negotiation started", "taskName": null, "role": "gcs", "suite_id": "cs-mlkem768-aesgcm-mldsa44", "rid": "d5a8dc0e159243f2"}
{"ts": "2025-10-07T15:58:01Z", "level": "INFO", "name": "pqc", "msg": "Control rekey successful", "taskName": null, "role": "gcs", "suite_id": "cs-mlkem768-aesgcm-mldsa44", "rid": "d5a8dc0e159243f2", "session_id": "e8b52a3b..."}
{"ts": "2025-10-07T15:59:08Z", "level": "INFO", "name": "pqc", "msg": "Control rekey negotiation started", "taskName": null, "role": "gcs", "suite_id": "cs-mlkem768-aesgcm-mldsa87", "rid": "9e906c38d16b4613"}
{"ts": "2025-10-07T15:59:08Z", "level": "INFO", "name": "pqc", "msg": "Control rekey successful", "taskName": null, "role": "gcs", "suite_id": "cs-mlkem768-aesgcm-mldsa87", "rid": "9e906c38d16b4613", "session_id": "8c738b21..."}
{"ts": "2025-10-07T16:00:14Z", "level": "INFO", "name": "pqc", "msg": "Control rekey negotiation started", "taskName": null, "role": "gcs", "suite_id": "cs-mlkem768-aesgcm-falcon512", "rid": "7cf5c7b53ec0e365"}
{"ts": "2025-10-07T16:00:14Z", "level": "INFO", "name": "pqc", "msg": "Control rekey successful", "taskName": null, "role": "gcs", "suite_id": "cs-mlkem768-aesgcm-falcon512", "rid": "7cf5c7b53ec0e365", "session_id": "ab387da8..."}
{"ts": "2025-10-07T16:01:20Z", "level": "INFO", "name": "pqc", "msg": "Control rekey negotiation started", "taskName": null, "role": "gcs", "suite_id": "cs-mlkem768-aesgcm-falcon1024", "rid": "2482ae29be193525"}
{"ts": "2025-10-07T16:01:21Z", "level": "INFO", "name": "pqc", "msg": "Control rekey successful", "taskName": null, "role": "gcs", "suite_id": "cs-mlkem768-aesgcm-falcon1024", "rid": "2482ae29be193525", "session_id": "f06a5b18..."}
{"ts": "2025-10-07T16:02:27Z", "level": "INFO", "name": "pqc", "msg": "Control rekey negotiation started", "taskName": null, "role": "gcs", "suite_id": "cs-mlkem768-aesgcm-sphincs128fsha2", "rid": "fa185205dc36320b"}
{"ts": "2025-10-07T16:02:27Z", "level": "INFO", "name": "pqc", "msg": "Control rekey successful", "taskName": null, "role": "gcs", "suite_id": "cs-mlkem768-aesgcm-sphincs128fsha2", "rid": "fa185205dc36320b", "session_id": "f3aae620..."}
{"ts": "2025-10-07T16:03:33Z", "level": "INFO", "name": "pqc", "msg": "Control rekey negotiation started", "taskName": null, "role": "gcs", "suite_id": "cs-mlkem768-aesgcm-sphincs256fsha2", "rid": "5474b1d2384599ee"}
{"ts": "2025-10-07T16:03:33Z", "level": "INFO", "name": "pqc", "msg": "Control rekey successful", "taskName": null, "role": "gcs", "suite_id": "cs-mlkem768-aesgcm-sphincs256fsha2", "rid": "5474b1d2384599ee", "session_id": "c8ea41cf..."}
{"ts": "2025-10-07T16:04:40Z", "level": "INFO", "name": "pqc", "msg": "Control rekey negotiation started", "taskName": null, "role": "gcs", "suite_id": "cs-mlkem1024-aesgcm-mldsa44", "rid": "41c55080359832a5"}
{"ts": "2025-10-07T16:04:40Z", "level": "INFO", "name": "pqc", "msg": "Control rekey successful", "taskName": null, "role": "gcs", "suite_id": "cs-mlkem1024-aesgcm-mldsa44", "rid": "41c55080359832a5", "session_id": "02ee3aa2..."}
{"ts": "2025-10-07T16:05:46Z", "level": "INFO", "name": "pqc", "msg": "Control rekey negotiation started", "taskName": null, "role": "gcs", "suite_id": "cs-mlkem1024-aesgcm-mldsa65", "rid": "85951ac1fbe0b004"}
{"ts": "2025-10-07T16:05:46Z", "level": "INFO", "name": "pqc", "msg": "Control rekey successful", "taskName": null, "role": "gcs", "suite_id": "cs-mlkem1024-aesgcm-mldsa65", "rid": "85951ac1fbe0b004", "session_id": "7eedf8fc..."}
{"ts": "2025-10-07T16:06:52Z", "level": "INFO", "name": "pqc", "msg": "Control rekey negotiation started", "taskName": null, "role": "gcs", "suite_id": "cs-mlkem1024-aesgcm-mldsa87", "rid": "1ec2873264455cf6"}
{"ts": "2025-10-07T16:06:52Z", "level": "INFO", "name": "pqc", "msg": "Control rekey successful", "taskName": null, "role": "gcs", "suite_id": "cs-mlkem1024-aesgcm-mldsa87", "rid": "1ec2873264455cf6", "session_id": "01567b04..."}
{"ts": "2025-10-07T16:07:59Z", "level": "INFO", "name": "pqc", "msg": "Control rekey negotiation started", "taskName": null, "role": "gcs", "suite_id": "cs-mlkem1024-aesgcm-falcon512", "rid": "db5fa537d859d85d"}
{"ts": "2025-10-07T16:07:59Z", "level": "INFO", "name": "pqc", "msg": "Control rekey successful", "taskName": null, "role": "gcs", "suite_id": "cs-mlkem1024-aesgcm-falcon512", "rid": "db5fa537d859d85d", "session_id": "f324d173..."}
{"ts": "2025-10-07T16:09:05Z", "level": "INFO", "name": "pqc", "msg": "Control rekey negotiation started", "taskName": null, "role": "gcs", "suite_id": "cs-mlkem1024-aesgcm-falcon1024", "rid": "1b1c51dc8cc477fc"}
{"ts": "2025-10-07T16:09:05Z", "level": "INFO", "name": "pqc", "msg": "Control rekey successful", "taskName": null, "role": "gcs", "suite_id": "cs-mlkem1024-aesgcm-falcon1024", "rid": "1b1c51dc8cc477fc", "session_id": "71df1074..."}
{"ts": "2025-10-07T16:10:11Z", "level": "INFO", "name": "pqc", "msg": "Control rekey negotiation started", "taskName": null, "role": "gcs", "suite_id": "cs-mlkem1024-aesgcm-sphincs128fsha2", "rid": "bb5091bcd50c0a48"}
{"ts": "2025-10-07T16:10:11Z", "level": "INFO", "name": "pqc", "msg": "Control rekey successful", "taskName": null, "role": "gcs", "suite_id": "cs-mlkem1024-aesgcm-sphincs128fsha2", "rid": "bb5091bcd50c0a48", "session_id": "102104d7..."}
{"ts": "2025-10-07T16:10:13Z", "level": "WARNING", "name": "pqc", "msg": "Failed to write status file", "taskName": null, "role": "gcs", "error": "[WinError 5] Access is denied: 'C:\\\\Users\\\\burak\\\\Desktop\\\\research\\\\logs\\\\auto\\\\gcs\\\\gcs_status.json.tmp' -> 'C:\\\\Users\\\\burak\\\\Desktop\\\\research\\\\logs\\\\auto\\\\gcs\\\\gcs_status.json'", "path": "C:\\Users\\burak\\Desktop\\research\\logs\\auto\\gcs\\gcs_status.json"}
{"ts": "2025-10-07T16:11:18Z", "level": "INFO", "name": "pqc", "msg": "Control rekey negotiation started", "taskName": null, "role": "gcs", "suite_id": "cs-mlkem1024-aesgcm-sphincs256fsha2", "rid": "eab2579672fc3489"}
{"ts": "2025-10-07T16:11:18Z", "level": "INFO", "name": "pqc", "msg": "Control rekey successful", "taskName": null, "role": "gcs", "suite_id": "cs-mlkem1024-aesgcm-sphincs256fsha2", "rid": "eab2579672fc3489", "session_id": "76f9399c..."}
