{"ts": "2025-10-07T15:07:25Z", "level": "INFO", "name": "pqc", "msg": "PQC handshake completed successfully", "taskName": null, "suite_id": "cs-mlkem768-aesgcm-mldsa65", "peer_role": "drone", "session_id": "7bab60fa..."}
{"ts": "2025-10-07T15:08:31Z", "level": "INFO", "name": "pqc", "msg": "Control rekey negotiation started", "taskName": null, "role": "gcs", "suite_id": "cs-mlkem512-aesgcm-mldsa44", "rid": "f4b690c74a1d8dbb"}
{"ts": "2025-10-07T15:08:32Z", "level": "INFO", "name": "pqc", "msg": "Control rekey successful", "taskName": null, "role": "gcs", "suite_id": "cs-mlkem512-aesgcm-mldsa44", "rid": "f4b690c74a1d8dbb", "session_id": "a3f3898f..."}
{"ts": "2025-10-07T15:09:37Z", "level": "INFO", "name": "pqc", "msg": "Control rekey negotiation started", "taskName": null, "role": "gcs", "suite_id": "cs-mlkem512-aesgcm-mldsa65", "rid": "50d16742a9ba7727"}
{"ts": "2025-10-07T15:09:38Z", "level": "INFO", "name": "pqc", "msg": "Control rekey successful", "taskName": null, "role": "gcs", "suite_id": "cs-mlkem512-aesgcm-mldsa65", "rid": "50d16742a9ba7727", "session_id": "c849f01c..."}
{"ts": "2025-10-07T15:10:44Z", "level": "INFO", "name": "pqc", "msg": "Control rekey negotiation started", "taskName": null, "role": "gcs", "suite_id": "cs-mlkem512-aesgcm-mldsa87", "rid": "f0026d64a3f62205"}
{"ts": "2025-10-07T15:10:45Z", "level": "INFO", "name": "pqc", "msg": "Control rekey successful", "taskName": null, "role": "gcs", "suite_id": "cs-mlkem512-aesgcm-mldsa87", "rid": "f0026d64a3f62205", "session_id": "9eefdbe3..."}
{"ts": "2025-10-07T15:11:50Z", "level": "INFO", "name": "pqc", "msg": "Control rekey negotiation started", "taskName": null, "role": "gcs", "suite_id": "cs-mlkem512-aesgcm-falcon512", "rid": "8af013bc690dc34d"}
{"ts": "2025-10-07T15:11:50Z", "level": "INFO", "name": "pqc", "msg": "Control rekey successful", "taskName": null, "role": "gcs", "suite_id": "cs-mlkem512-aesgcm-falcon512", "rid": "8af013bc690dc34d", "session_id": "350a4c5a..."}
{"ts": "2025-10-07T15:12:57Z", "level": "INFO", "name": "pqc", "msg": "Control rekey negotiation started", "taskName": null, "role": "gcs", "suite_id": "cs-mlkem512-aesgcm-falcon1024", "rid": "80a6fe2075f87adf"}
{"ts": "2025-10-07T15:12:57Z", "level": "INFO", "name": "pqc", "msg": "Control rekey successful", "taskName": null, "role": "gcs", "suite_id": "cs-mlkem512-aesgcm-falcon1024", "rid": "80a6fe2075f87adf", "session_id": "84b013ea..."}
{"ts": "2025-10-07T15:13:18Z", "level": "WARNING", "name": "pqc", "msg": "Failed to write status file", "taskName": null, "role": "gcs", "error": "[WinError 5] Access is denied: 'C:\\\\Users\\\\burak\\\\Desktop\\\\research\\\\logs\\\\auto\\\\gcs\\\\gcs_status.json.tmp' -> 'C:\\\\Users\\\\burak\\\\Desktop\\\\research\\\\logs\\\\auto\\\\gcs\\\\gcs_status.json'", "path": "C:\\Users\\burak\\Desktop\\research\\logs\\auto\\gcs\\gcs_status.json"}
{"ts": "2025-10-07T15:14:03Z", "level": "INFO", "name": "pqc", "msg": "Control rekey negotiation started", "taskName": null, "role": "gcs", "suite_id": "cs-mlkem512-aesgcm-sphincs128fsha2", "rid": "34df5192bf3bd4d1"}
{"ts": "2025-10-07T15:14:03Z", "level": "INFO", "name": "pqc", "msg": "Control rekey successful", "taskName": null, "role": "gcs", "suite_id": "cs-mlkem512-aesgcm-sphincs128fsha2", "rid": "34df5192bf3bd4d1", "session_id": "f5485129..."}
{"ts": "2025-10-07T15:15:09Z", "level": "INFO", "name": "pqc", "msg": "Control rekey negotiation started", "taskName": null, "role": "gcs", "suite_id": "cs-mlkem512-aesgcm-sphincs256fsha2", "rid": "da57136f1c859221"}
{"ts": "2025-10-07T15:15:10Z", "level": "INFO", "name": "pqc", "msg": "Control rekey successful", "taskName": null, "role": "gcs", "suite_id": "cs-mlkem512-aesgcm-sphincs256fsha2", "rid": "da57136f1c859221", "session_id": "fcd0464c..."}
{"ts": "2025-10-07T15:16:16Z", "level": "INFO", "name": "pqc", "msg": "Control rekey negotiation started", "taskName": null, "role": "gcs", "suite_id": "cs-mlkem768-aesgcm-mldsa44", "rid": "760dc04de8ec4305"}
{"ts": "2025-10-07T15:16:17Z", "level": "INFO", "name": "pqc", "msg": "Control rekey successful", "taskName": null, "role": "gcs", "suite_id": "cs-mlkem768-aesgcm-mldsa44", "rid": "760dc04de8ec4305", "session_id": "b9545ab0..."}
{"ts": "2025-10-07T15:17:22Z", "level": "INFO", "name": "pqc", "msg": "Control rekey negotiation started", "taskName": null, "role": "gcs", "suite_id": "cs-mlkem768-aesgcm-mldsa87", "rid": "a2edaa3a911671d4"}
{"ts": "2025-10-07T15:17:22Z", "level": "INFO", "name": "pqc", "msg": "Control rekey successful", "taskName": null, "role": "gcs", "suite_id": "cs-mlkem768-aesgcm-mldsa87", "rid": "a2edaa3a911671d4", "session_id": "1c204ac5..."}
{"ts": "2025-10-07T15:18:31Z", "level": "INFO", "name": "pqc", "msg": "Control rekey negotiation started", "taskName": null, "role": "gcs", "suite_id": "cs-mlkem768-aesgcm-falcon512", "rid": "9d4c2ada2e7c1efc"}
{"ts": "2025-10-07T15:18:31Z", "level": "INFO", "name": "pqc", "msg": "Control rekey successful", "taskName": null, "role": "gcs", "suite_id": "cs-mlkem768-aesgcm-falcon512", "rid": "9d4c2ada2e7c1efc", "session_id": "fe79c4f2..."}
{"ts": "2025-10-07T15:19:38Z", "level": "INFO", "name": "pqc", "msg": "Control rekey negotiation started", "taskName": null, "role": "gcs", "suite_id": "cs-mlkem768-aesgcm-falcon1024", "rid": "46827e191dd24290"}
{"ts": "2025-10-07T15:19:38Z", "level": "INFO", "name": "pqc", "msg": "Control rekey successful", "taskName": null, "role": "gcs", "suite_id": "cs-mlkem768-aesgcm-falcon1024", "rid": "46827e191dd24290", "session_id": "3c3756ee..."}
{"ts": "2025-10-07T15:20:44Z", "level": "INFO", "name": "pqc", "msg": "Control rekey negotiation started", "taskName": null, "role": "gcs", "suite_id": "cs-mlkem768-aesgcm-sphincs128fsha2", "rid": "dabd93bc818b999a"}
{"ts": "2025-10-07T15:20:44Z", "level": "INFO", "name": "pqc", "msg": "Control rekey successful", "taskName": null, "role": "gcs", "suite_id": "cs-mlkem768-aesgcm-sphincs128fsha2", "rid": "dabd93bc818b999a", "session_id": "0818601d..."}
{"ts": "2025-10-07T15:21:51Z", "level": "INFO", "name": "pqc", "msg": "Control rekey negotiation started", "taskName": null, "role": "gcs", "suite_id": "cs-mlkem768-aesgcm-sphincs256fsha2", "rid": "49903058faa0fc2e"}
{"ts": "2025-10-07T15:21:51Z", "level": "INFO", "name": "pqc", "msg": "Control rekey successful", "taskName": null, "role": "gcs", "suite_id": "cs-mlkem768-aesgcm-sphincs256fsha2", "rid": "49903058faa0fc2e", "session_id": "9378d5a8..."}
{"ts": "2025-10-07T15:22:57Z", "level": "INFO", "name": "pqc", "msg": "Control rekey negotiation started", "taskName": null, "role": "gcs", "suite_id": "cs-mlkem1024-aesgcm-mldsa44", "rid": "a5d3c5759cf3acd0"}
{"ts": "2025-10-07T15:22:57Z", "level": "INFO", "name": "pqc", "msg": "Control rekey successful", "taskName": null, "role": "gcs", "suite_id": "cs-mlkem1024-aesgcm-mldsa44", "rid": "a5d3c5759cf3acd0", "session_id": "7fd609f8..."}
{"ts": "2025-10-07T15:24:03Z", "level": "INFO", "name": "pqc", "msg": "Control rekey negotiation started", "taskName": null, "role": "gcs", "suite_id": "cs-mlkem1024-aesgcm-mldsa65", "rid": "8bc9cf5c8286742c"}
{"ts": "2025-10-07T15:24:03Z", "level": "INFO", "name": "pqc", "msg": "Control rekey successful", "taskName": null, "role": "gcs", "suite_id": "cs-mlkem1024-aesgcm-mldsa65", "rid": "8bc9cf5c8286742c", "session_id": "fb057654..."}
{"ts": "2025-10-07T15:25:10Z", "level": "INFO", "name": "pqc", "msg": "Control rekey negotiation started", "taskName": null, "role": "gcs", "suite_id": "cs-mlkem1024-aesgcm-mldsa87", "rid": "26061716e9f3f867"}
{"ts": "2025-10-07T15:25:10Z", "level": "INFO", "name": "pqc", "msg": "Control rekey successful", "taskName": null, "role": "gcs", "suite_id": "cs-mlkem1024-aesgcm-mldsa87", "rid": "26061716e9f3f867", "session_id": "73cafbcd..."}
{"ts": "2025-10-07T15:26:16Z", "level": "INFO", "name": "pqc", "msg": "Control rekey negotiation started", "taskName": null, "role": "gcs", "suite_id": "cs-mlkem1024-aesgcm-falcon512", "rid": "0bfb68af47d7de2a"}
{"ts": "2025-10-07T15:26:16Z", "level": "INFO", "name": "pqc", "msg": "Control rekey successful", "taskName": null, "role": "gcs", "suite_id": "cs-mlkem1024-aesgcm-falcon512", "rid": "0bfb68af47d7de2a", "session_id": "469e95ac..."}
{"ts": "2025-10-07T15:27:22Z", "level": "INFO", "name": "pqc", "msg": "Control rekey negotiation started", "taskName": null, "role": "gcs", "suite_id": "cs-mlkem1024-aesgcm-falcon1024", "rid": "274584e69f813761"}
{"ts": "2025-10-07T15:27:22Z", "level": "INFO", "name": "pqc", "msg": "Control rekey successful", "taskName": null, "role": "gcs", "suite_id": "cs-mlkem1024-aesgcm-falcon1024", "rid": "274584e69f813761", "session_id": "8fb053b1..."}
{"ts": "2025-10-07T15:28:29Z", "level": "INFO", "name": "pqc", "msg": "Control rekey negotiation started", "taskName": null, "role": "gcs", "suite_id": "cs-mlkem1024-aesgcm-sphincs128fsha2", "rid": "23490ca389eae445"}
{"ts": "2025-10-07T15:28:29Z", "level": "INFO", "name": "pqc", "msg": "Control rekey successful", "taskName": null, "role": "gcs", "suite_id": "cs-mlkem1024-aesgcm-sphincs128fsha2", "rid": "23490ca389eae445", "session_id": "45ab0e12..."}
{"ts": "2025-10-07T15:29:35Z", "level": "INFO", "name": "pqc", "msg": "Control rekey negotiation started", "taskName": null, "role": "gcs", "suite_id": "cs-mlkem1024-aesgcm-sphincs256fsha2", "rid": "bdfbc50d11d22a65"}
{"ts": "2025-10-07T15:29:35Z", "level": "INFO", "name": "pqc", "msg": "Control rekey successful", "taskName": null, "role": "gcs", "suite_id": "cs-mlkem1024-aesgcm-sphincs256fsha2", "rid": "bdfbc50d11d22a65", "session_id": "45a22376..."}
{"ts": "2025-10-07T15:30:26Z", "level": "WARNING", "name": "pqc", "msg": "Failed to write status file", "taskName": null, "role": "gcs", "error": "[WinError 5] Access is denied: 'C:\\\\Users\\\\burak\\\\Desktop\\\\research\\\\logs\\\\auto\\\\gcs\\\\gcs_status.json.tmp' -> 'C:\\\\Users\\\\burak\\\\Desktop\\\\research\\\\logs\\\\auto\\\\gcs\\\\gcs_status.json'", "path": "C:\\Users\\burak\\Desktop\\research\\logs\\auto\\gcs\\gcs_status.json"}
