This is pdfTeX, Version 3.141592653-2.6-1.40.27 (MiKTeX 25.4) (preloaded format=pdflatex 2025.10.16)  16 OCT 2025 20:56
entering extended mode
 restricted \write18 enabled.
 file:line:error style messages enabled.
 %&-line parsing enabled.
**c:/Users/burak/Desktop/research/results/a-bit-better.tex
(c:/Users/burak/Desktop/research/results/a-bit-better.tex
LaTeX2e <2025-06-01> patch level 1
L3 programming layer <2025-09-02>
(C:\Users\burak\AppData\Roaming\MiKTeX\tex/latex/acmart\acmart.cls
Document Class: acmart 2025/08/27 v2.16 Typesetting articles for the Association for Computing Machinery
(C:\Program Files\MiKTeX\tex/latex/xkeyval\xkeyval.sty
Package: xkeyval 2022/06/16 v2.9 package option processing (HA)
 (C:\Program Files\MiKTeX\tex/generic/xkeyval\xkeyval.tex (C:\Program Files\MiKTeX\tex/generic/xkeyval\xkvutils.tex
\XKV@toks=\toks17
\XKV@tempa@toks=\toks18
 (C:\Program Files\MiKTeX\tex/generic/xkeyval\keyval.tex))
\XKV@depth=\count275
File: xkeyval.tex 2014/12/03 v2.7a key=value parser (HA)
)) (C:\Users\burak\AppData\Roaming\MiKTeX\tex/latex/xstring\xstring.sty (C:\Users\burak\AppData\Roaming\MiKTeX\tex/generic/xstring\xstring.tex
\xs_counta=\count276
\xs_countb=\count277
)
Package: xstring 2023/08/22 v1.86 String manipulations (CT)
) (C:\Program Files\MiKTeX\tex/generic/iftex\iftex.sty
Package: iftex 2024/12/12 v1.0g TeX engine tests
)
Package acmart Info: Not using screen mode on input line 77.
Package acmart Info: Using breaking urls on hyphens on input line 85.
Package acmart Info: Requiring acmthm on input line 93.
Package acmart Info: Not using review mode on input line 102.
Package acmart Info: Not using authorversion mode on input line 110.
Package acmart Info: Not using nonacm mode on input line 122.
Package acmart Info: Explicitly selecting natbib mode on input line 138.
Package acmart Info: Not using anonymous mode on input line 146.
Package acmart Info: Not using timestamp mode on input line 154.
Package acmart Info: Not using authordraft mode on input line 164.
Package acmart Info: Explicitly deselecting natbib mode on input line 179.
Class acmart Info: Using format sigconf, number 4 on input line 179.
Class acmart Info: Using fontsize 9pt on input line 281.
 (C:\Users\burak\AppData\Roaming\MiKTeX\tex/latex/amscls\amsart.cls
Document Class: amsart 2020/05/29 v2.20.6
\linespacing=\dimen148
\normalparindent=\dimen149
\normaltopskip=\skip49
(C:\Program Files\MiKTeX\tex/latex/amsmath\amsmath.sty
Package: amsmath 2025/06/16 v2.17y AMS math features
\@mathmargin=\skip50

For additional information on amsmath, use the `?' option.
(C:\Program Files\MiKTeX\tex/latex/amsmath\amstext.sty
Package: amstext 2024/11/17 v2.01 AMS text
 (C:\Program Files\MiKTeX\tex/latex/amsmath\amsgen.sty
File: amsgen.sty 1999/11/30 v2.0 generic functions
\@emptytoks=\toks19
\ex@=\dimen150
)) (C:\Program Files\MiKTeX\tex/latex/amsmath\amsbsy.sty
Package: amsbsy 1999/11/29 v1.2d Bold Symbols
\pmbraise@=\dimen151
) (C:\Program Files\MiKTeX\tex/latex/amsmath\amsopn.sty
Package: amsopn 2022/04/08 v2.04 operator names
)
\inf@bad=\count278
LaTeX Info: Redefining \frac on input line 233.
\uproot@=\count279
\leftroot@=\count280
LaTeX Info: Redefining \overline on input line 398.
LaTeX Info: Redefining \colon on input line 409.
\classnum@=\count281
\DOTSCASE@=\count282
LaTeX Info: Redefining \ldots on input line 495.
LaTeX Info: Redefining \dots on input line 498.
LaTeX Info: Redefining \cdots on input line 619.
\Mathstrutbox@=\box53
\strutbox@=\box54
LaTeX Info: Redefining \big on input line 721.
LaTeX Info: Redefining \Big on input line 722.
LaTeX Info: Redefining \bigg on input line 723.
LaTeX Info: Redefining \Bigg on input line 724.
\big@size=\dimen152
LaTeX Font Info:    Redeclaring font encoding OML on input line 742.
LaTeX Font Info:    Redeclaring font encoding OMS on input line 743.
\macc@depth=\count283
LaTeX Info: Redefining \bmod on input line 904.
LaTeX Info: Redefining \pmod on input line 909.
LaTeX Info: Redefining \smash on input line 939.
LaTeX Info: Redefining \relbar on input line 969.
LaTeX Info: Redefining \Relbar on input line 970.
\c@MaxMatrixCols=\count284
\dotsspace@=\muskip17
\c@parentequation=\count285
\dspbrk@lvl=\count286
\tag@help=\toks20
\row@=\count287
\column@=\count288
\maxfields@=\count289
\andhelp@=\toks21
\eqnshift@=\dimen153
\alignsep@=\dimen154
\tagshift@=\dimen155
\tagwidth@=\dimen156
\totwidth@=\dimen157
\lineht@=\dimen158
\@envbody=\toks22
\multlinegap=\skip51
\multlinetaggap=\skip52
\mathdisplay@stack=\toks23
LaTeX Info: Redefining \[ on input line 2949.
LaTeX Info: Redefining \] on input line 2950.
)
LaTeX Font Info:    Trying to load font information for U+msa on input line 397.
 (C:\Program Files\MiKTeX\tex/latex/amsfonts\umsa.fd
File: umsa.fd 2013/01/14 v3.01 AMS symbols A
) (C:\Program Files\MiKTeX\tex/latex/amsfonts\amsfonts.sty
Package: amsfonts 2013/01/14 v3.01 Basic AMSFonts support
\symAMSa=\mathgroup4
\symAMSb=\mathgroup5
LaTeX Font Info:    Redeclaring math symbol \hbar on input line 98.
LaTeX Font Info:    Overwriting math alphabet `\mathfrak' in version `bold'
(Font)                  U/euf/m/n --> U/euf/b/n on input line 106.
)
\copyins=\insert252
\abstractbox=\box55
\listisep=\skip53
\c@part=\count290
\c@section=\count291
\c@subsection=\count292
\c@subsubsection=\count293
\c@paragraph=\count294
\c@subparagraph=\count295
\c@figure=\count296
\c@table=\count297
\abovecaptionskip=\skip54
\belowcaptionskip=\skip55
\captionindent=\dimen159
\thm@style=\toks24
\thm@bodyfont=\toks25
\thm@headfont=\toks26
\thm@notefont=\toks27
\thm@headpunct=\toks28
\thm@preskip=\skip56
\thm@postskip=\skip57
\thm@headsep=\skip58
\dth@everypar=\toks29
) (C:\Users\burak\AppData\Roaming\MiKTeX\tex/latex/microtype\microtype.sty
Package: microtype 2025/07/09 v3.2b Micro-typographical refinements (RS)
 (C:\Program Files\MiKTeX\tex/latex/etoolbox\etoolbox.sty
Package: etoolbox 2025/10/02 v2.5m e-TeX tools for LaTeX (JAW)
\etb@tempcnta=\count298
)
\MT@toks=\toks30
\MT@tempbox=\box56
\MT@count=\count299
LaTeX Info: Redefining \noprotrusionifhmode on input line 1087.
LaTeX Info: Redefining \leftprotrusion on input line 1088.
\MT@prot@toks=\toks31
LaTeX Info: Redefining \rightprotrusion on input line 1107.
LaTeX Info: Redefining \textls on input line 1449.
\MT@outer@kern=\dimen160
LaTeX Info: Redefining \microtypecontext on input line 2053.
LaTeX Info: Redefining \textmicrotypecontext on input line 2070.
\MT@listname@count=\count300
 (C:\Users\burak\AppData\Roaming\MiKTeX\tex/latex/microtype\microtype-pdftex.def
File: microtype-pdftex.def 2025/07/09 v3.2b Definitions specific to pdftex (RS)
LaTeX Info: Redefining \lsstyle on input line 944.
LaTeX Info: Redefining \lslig on input line 944.
\MT@outer@space=\skip59
)
Package microtype Info: Loading configuration file microtype.cfg.
 (C:\Users\burak\AppData\Roaming\MiKTeX\tex/latex/microtype\microtype.cfg
File: microtype.cfg 2025/07/09 v3.2b microtype main configuration file (RS)
)
LaTeX Info: Redefining \microtypesetup on input line 3065.
) (C:\Users\burak\AppData\Roaming\MiKTeX\tex/latex/booktabs\booktabs.sty
Package: booktabs 2020/01/12 v1.61803398 Publication quality tables
\heavyrulewidth=\dimen161
\lightrulewidth=\dimen162
\cmidrulewidth=\dimen163
\belowrulesep=\dimen164
\belowbottomsep=\dimen165
\aboverulesep=\dimen166
\abovetopsep=\dimen167
\cmidrulesep=\dimen168
\cmidrulekern=\dimen169
\defaultaddspace=\dimen170
\@cmidla=\count301
\@cmidlb=\count302
\@aboverulesep=\dimen171
\@belowrulesep=\dimen172
\@thisruleclass=\count303
\@lastruleclass=\count304
\@thisrulewidth=\dimen173
) (C:\Users\burak\AppData\Roaming\MiKTeX\tex/latex/refcount\refcount.sty
Package: refcount 2019/12/15 v3.6 Data extraction from label references (HO)
 (C:\Users\burak\AppData\Roaming\MiKTeX\tex/generic/ltxcmds\ltxcmds.sty
Package: ltxcmds 2023-12-04 v1.26 LaTeX kernel commands for general use (HO)
) (C:\Users\burak\AppData\Roaming\MiKTeX\tex/generic/infwarerr\infwarerr.sty
Package: infwarerr 2019/12/03 v1.5 Providing info/warning/error messages (HO)
)) (C:\Users\burak\AppData\Roaming\MiKTeX\tex/latex/totpages\totpages.sty
Package: totpages 2005/09/19 v2.00 Totpages Package (muewi)
 (C:\Program Files\MiKTeX\tex/latex/everyshi\everyshi.sty
Package: everyshi 2020/11/18 v4.00 EveryShipout Package
)) (C:\Program Files\MiKTeX\tex/latex/environ\environ.sty
Package: environ 2014/05/04 v0.3 A new way to define environments
 (C:\Program Files\MiKTeX\tex/latex/trimspaces\trimspaces.sty
Package: trimspaces 2009/09/17 v1.1 Trim spaces around a token list
))
\@ACM@acmcp@delta=\dimen174
 (C:\Program Files\MiKTeX\tex/latex/hyperref\hyperref.sty
Package: hyperref 2025-07-12 v7.01o Hypertext links for LaTeX
 (C:\Users\burak\AppData\Roaming\MiKTeX\tex/latex/kvsetkeys\kvsetkeys.sty
Package: kvsetkeys 2022-10-05 v1.19 Key value parser (HO)
) (C:\Users\burak\AppData\Roaming\MiKTeX\tex/generic/kvdefinekeys\kvdefinekeys.sty
Package: kvdefinekeys 2019-12-19 v1.6 Define keys (HO)
) (C:\Users\burak\AppData\Roaming\MiKTeX\tex/generic/pdfescape\pdfescape.sty
Package: pdfescape 2019/12/09 v1.15 Implements pdfTeX's escape features (HO)
 (C:\Program Files\MiKTeX\tex/generic/pdftexcmds\pdftexcmds.sty
Package: pdftexcmds 2020-06-27 v0.33 Utility functions of pdfTeX for LuaTeX (HO)
Package pdftexcmds Info: \pdf@primitive is available.
Package pdftexcmds Info: \pdf@ifprimitive is available.
Package pdftexcmds Info: \pdfdraftmode found.
)) (C:\Users\burak\AppData\Roaming\MiKTeX\tex/latex/hycolor\hycolor.sty
Package: hycolor 2020-01-27 v1.10 Color options for hyperref/bookmark (HO)
) (C:\Program Files\MiKTeX\tex/latex/hyperref\nameref.sty
Package: nameref 2025-06-21 v2.57 Cross-referencing by name of section
 (C:\Users\burak\AppData\Roaming\MiKTeX\tex/generic/gettitlestring\gettitlestring.sty
Package: gettitlestring 2019/12/15 v1.6 Cleanup title references (HO)
 (C:\Users\burak\AppData\Roaming\MiKTeX\tex/latex/kvoptions\kvoptions.sty
Package: kvoptions 2022-06-15 v3.15 Key value format for package options (HO)
))
\c@section@level=\count305
) (C:\Users\burak\AppData\Roaming\MiKTeX\tex/generic/stringenc\stringenc.sty
Package: stringenc 2019/11/29 v1.12 Convert strings between diff. encodings (HO)
)
\@linkdim=\dimen175
\Hy@linkcounter=\count306
\Hy@pagecounter=\count307
 (C:\Program Files\MiKTeX\tex/latex/hyperref\pd1enc.def
File: pd1enc.def 2025-07-12 v7.01o Hyperref: PDFDocEncoding definition (HO)
Now handling font encoding PD1 ...
... no UTF-8 mapping file for font encoding PD1
) (C:\Users\burak\AppData\Roaming\MiKTeX\tex/generic/intcalc\intcalc.sty
Package: intcalc 2019/12/15 v1.3 Expandable calculations with integers (HO)
)
\Hy@SavedSpaceFactor=\count308
 (C:\Program Files\MiKTeX\tex/latex/hyperref\puenc.def
File: puenc.def 2025-07-12 v7.01o Hyperref: PDF Unicode definition (HO)
Now handling font encoding PU ...
... no UTF-8 mapping file for font encoding PU
)
Package hyperref Info: Option `bookmarksnumbered' set `true' on input line 4066.
Package hyperref Info: Option `unicode' set `true' on input line 4066.
Package hyperref Info: Hyper figures OFF on input line 4195.
Package hyperref Info: Link nesting OFF on input line 4200.
Package hyperref Info: Hyper index ON on input line 4203.
Package hyperref Info: Plain pages OFF on input line 4210.
Package hyperref Info: Backreferencing OFF on input line 4215.
Package hyperref Info: Implicit mode ON; LaTeX internals redefined.
Package hyperref Info: Bookmarks ON on input line 4462.
\c@Hy@tempcnt=\count309
 (C:\Program Files\MiKTeX\tex/latex/url\url.sty
\Urlmuskip=\muskip18
Package: url 2013/09/16  ver 3.4  Verb mode for urls, etc.
)
LaTeX Info: Redefining \url on input line 4801.
\XeTeXLinkMargin=\dimen176
 (C:\Users\burak\AppData\Roaming\MiKTeX\tex/generic/bitset\bitset.sty
Package: bitset 2019/12/09 v1.3 Handle bit-vector datatype (HO)
 (C:\Users\burak\AppData\Roaming\MiKTeX\tex/generic/bigintcalc\bigintcalc.sty
Package: bigintcalc 2019/12/15 v1.5 Expandable calculations on big integers (HO)
))
\Fld@menulength=\count310
\Field@Width=\dimen177
\Fld@charsize=\dimen178
Package hyperref Info: Hyper figures OFF on input line 6078.
Package hyperref Info: Link nesting OFF on input line 6083.
Package hyperref Info: Hyper index ON on input line 6086.
Package hyperref Info: backreferencing OFF on input line 6093.
Package hyperref Info: Link coloring OFF on input line 6098.
Package hyperref Info: Link coloring with OCG OFF on input line 6103.
Package hyperref Info: PDF/A mode OFF on input line 6108.
\Hy@abspage=\count311
\c@Item=\count312
\c@Hfootnote=\count313
)
Package hyperref Info: Driver (autodetected): hpdftex.
 (C:\Program Files\MiKTeX\tex/latex/hyperref\hpdftex.def
File: hpdftex.def 2025-07-12 v7.01o Hyperref driver for pdfTeX
\Fld@listcount=\count314
\c@bookmark@seq@number=\count315
 (C:\Users\burak\AppData\Roaming\MiKTeX\tex/latex/rerunfilecheck\rerunfilecheck.sty
Package: rerunfilecheck 2025-06-21 v1.11 Rerun checks for auxiliary files (HO)
 (C:\Users\burak\AppData\Roaming\MiKTeX\tex/generic/uniquecounter\uniquecounter.sty
Package: uniquecounter 2019/12/15 v1.4 Provide unlimited unique counter (HO)
)
Package uniquecounter Info: New unique counter `rerunfilecheck' on input line 284.
)
\Hy@SectionHShift=\skip60
) (C:\Users\burak\AppData\Roaming\MiKTeX\tex/latex/hyperxmp\hyperxmp.sty
Package: hyperxmp 2024/03/17 v5.13 Store hyperref metadata in XMP format
\hyxmp@aep@toks=\toks32
 (C:\Users\burak\AppData\Roaming\MiKTeX\tex/latex/ifmtarg\ifmtarg.sty
Package: ifmtarg 2018/04/16 v1.2b check for an empty argument
) (C:\Program Files\MiKTeX\tex/latex/base\ifthen.sty
Package: ifthen 2024/03/16 v1.1e Standard LaTeX ifthen package (DPC)
)
\@hyxmp@count=\count316
 (C:\Program Files\MiKTeX\tex/latex/oberdiek\ifdraft.sty
Package: ifdraft 2016/05/16 v1.4 Detect class options draft and final (HO)
) (C:\Program Files\MiKTeX\tex/generic/iftex\ifluatex.sty
Package: ifluatex 2019/10/25 v1.5 ifluatex legacy package. Use iftex instead.
)) (C:\Program Files\MiKTeX\tex/latex/graphics\graphicx.sty
Package: graphicx 2024/12/31 v1.2e Enhanced LaTeX Graphics (DPC,SPQR)
 (C:\Program Files\MiKTeX\tex/latex/graphics\graphics.sty
Package: graphics 2024/08/06 v1.4g Standard LaTeX Graphics (DPC,SPQR)
 (C:\Program Files\MiKTeX\tex/latex/graphics\trig.sty
Package: trig 2023/12/02 v1.11 sin cos tan (DPC)
) (C:\Program Files\MiKTeX\tex/latex/graphics-cfg\graphics.cfg
File: graphics.cfg 2016/06/04 v1.11 sample graphics configuration
)
Package graphics Info: Driver file: pdftex.def on input line 106.
 (C:\Program Files\MiKTeX\tex/latex/graphics-def\pdftex.def
File: pdftex.def 2025/09/29 v1.2d Graphics/color driver for pdftex
))
\Gin@req@height=\dimen179
\Gin@req@width=\dimen180
) (C:\Program Files\MiKTeX\tex/latex/xcolor\xcolor.sty
Package: xcolor 2024/09/29 v3.02 LaTeX color extensions (UK)
 (C:\Program Files\MiKTeX\tex/latex/graphics-cfg\color.cfg
File: color.cfg 2016/01/02 v1.6 sample color configuration
)
Package xcolor Info: Driver file: pdftex.def on input line 274.
 (C:\Program Files\MiKTeX\tex/latex/graphics\mathcolor.ltx)
Package xcolor Info: Model `cmy' substituted by `cmy0' on input line 1349.
Package xcolor Info: Model `hsb' substituted by `rgb' on input line 1353.
Package xcolor Info: Model `RGB' extended on input line 1365.
Package xcolor Info: Model `HTML' substituted by `rgb' on input line 1367.
Package xcolor Info: Model `Hsb' substituted by `hsb' on input line 1368.
Package xcolor Info: Model `tHsb' substituted by `hsb' on input line 1369.
Package xcolor Info: Model `HSB' substituted by `hsb' on input line 1370.
Package xcolor Info: Model `Gray' substituted by `gray' on input line 1371.
Package xcolor Info: Model `wave' substituted by `hsb' on input line 1372.
) (C:\Users\burak\AppData\Roaming\MiKTeX\tex/latex/geometry\geometry.sty
Package: geometry 2020/01/02 v5.9 Page Geometry
 (C:\Program Files\MiKTeX\tex/generic/iftex\ifvtex.sty
Package: ifvtex 2019/10/25 v1.7 ifvtex legacy package. Use iftex instead.
)
\Gm@cnth=\count317
\Gm@cntv=\count318
\c@Gm@tempcnt=\count319
\Gm@bindingoffset=\dimen181
\Gm@wd@mp=\dimen182
\Gm@odd@mp=\dimen183
\Gm@even@mp=\dimen184
\Gm@layoutwidth=\dimen185
\Gm@layoutheight=\dimen186
\Gm@layouthoffset=\dimen187
\Gm@layoutvoffset=\dimen188
\Gm@dimlist=\toks33
 (C:\Users\burak\AppData\Roaming\MiKTeX\tex/latex/geometry\geometry.cfg)) (C:\Users\burak\AppData\Roaming\MiKTeX\tex/latex/ncctools\manyfoot.sty
Package: manyfoot 2019/08/03 v1.11 Many Footnote Levels Package (NCC)
 (C:\Users\burak\AppData\Roaming\MiKTeX\tex/latex/ncctools\nccfoots.sty
Package: nccfoots 2005/02/03 v1.2 NCC Footnotes Package (NCC)
)
\MFL@columnwidth=\dimen189
)
\footinsauthorsaddresses=\insert251
\c@footnoteauthorsaddresses=\count320
\footinscopyrightpermission=\insert250
\c@footnotecopyrightpermission=\count321
 (C:\Program Files\MiKTeX\tex/generic/pdftex\glyphtounicode.tex) (C:\Users\burak\AppData\Roaming\MiKTeX\tex/latex/cmap\cmap.sty
Package: cmap 2021/02/06 v1.0j CMap support: searchable PDF
) (C:\Program Files\MiKTeX\tex/latex/base\fontenc.sty
Package: fontenc 2024/12/21 v2.1c Standard LaTeX package
<<t1.cmap>>) (C:\Users\burak\AppData\Roaming\MiKTeX\tex/latex/libertine\libertine.sty
Package: libertine 2024/04/23 (Bob Tennent) Supports Libertine and Biolinum fonts for all LaTeX engines.
 (C:\Program Files\MiKTeX\tex/generic/iftex\ifxetex.sty
Package: ifxetex 2019/10/25 v0.7 ifxetex legacy package. Use iftex instead.
) (C:\Program Files\MiKTeX\tex/latex/base\textcomp.sty
Package: textcomp 2024/04/24 v2.1b Standard LaTeX package
) (C:\Program Files\MiKTeX\tex/latex/base\fontenc.sty
Package: fontenc 2024/12/21 v2.1c Standard LaTeX package
) (C:\Users\burak\AppData\Roaming\MiKTeX\tex/latex/fontaxes\fontaxes.sty
Package: fontaxes 2025-05-24 v2.0.1 Font selection axes (deprecated)
 (C:\Users\burak\AppData\Roaming\MiKTeX\tex/latex/figureversions\figureversions.sty
Package: figureversions 2025-04-29 v1.0.1 Figure versions
))
LaTeX Info: Redefining \oldstylenums on input line 485.
 (C:\Users\burak\AppData\Roaming\MiKTeX\tex/latex/libertine\LinLibertine_I.tex)) (C:\Users\burak\AppData\Roaming\MiKTeX\tex/latex/inconsolata\zi4.sty
Package: zi4 2019/05/17 v1.12
 `inconsolata-zi4' v1.12, 2019/05/17 Text macros for Inconsolata (msharpe)
\zifour@ocount=\count322
) (C:\Users\burak\AppData\Roaming\MiKTeX\tex/latex/newtx\newtxmath.sty
Package: newtxmath 2024/09/22 v1.754
 `newtxmath' v1.754, 2024/09/22 Math macros based originally on txfonts (msharpe) (C:\Program Files\MiKTeX\tex/latex/oberdiek\centernot.sty
Package: centernot 2016/05/16 v1.4 Centers the not symbol horizontally (HO)
)
\tx@cntz=\count323
 (C:\Users\burak\AppData\Roaming\MiKTeX\tex/generic/binhex\binhex.tex)
\tx@Isdigit=\count324
\tx@IsAlNum=\count325
\tx@tA=\toks34
\tx@tB=\toks35
\tx@su=\read2

amsthm NOT loaded
LaTeX Font Info:    Redeclaring symbol font `operators' on input line 402.
LaTeX Font Info:    Overwriting symbol font `operators' in version `normal'
(Font)                  OT1/cmr/m/n --> OT1/LinuxLibertineT-TLF/m/n on input line 402.
LaTeX Font Info:    Overwriting symbol font `operators' in version `bold'
(Font)                  OT1/cmr/bx/n --> OT1/LinuxLibertineT-TLF/m/n on input line 402.
LaTeX Font Info:    Overwriting symbol font `operators' in version `bold'
(Font)                  OT1/LinuxLibertineT-TLF/m/n --> OT1/LinuxLibertineT-TLF/sb/n on input line 403.
LaTeX Font Info:    Redeclaring math alphabet \mathsf on input line 410.
LaTeX Font Info:    Overwriting math alphabet `\mathsf' in version `normal'
(Font)                  OT1/cmss/m/n --> OT1/LinuxBiolinumT-TLF/m/n on input line 410.
LaTeX Font Info:    Overwriting math alphabet `\mathsf' in version `bold'
(Font)                  OT1/cmss/bx/n --> OT1/LinuxBiolinumT-TLF/m/n on input line 410.
LaTeX Font Info:    Overwriting math alphabet `\mathsf' in version `bold'
(Font)                  OT1/LinuxBiolinumT-TLF/m/n --> OT1/LinuxBiolinumT-TLF/b/n on input line 412.
LaTeX Font Info:    Redeclaring math alphabet \mathit on input line 419.
LaTeX Font Info:    Overwriting math alphabet `\mathit' in version `normal'
(Font)                  OT1/cmr/m/it --> OT1/LinuxLibertineT-TLF/m/it on input line 419.
LaTeX Font Info:    Overwriting math alphabet `\mathit' in version `bold'
(Font)                  OT1/cmr/bx/it --> OT1/LinuxLibertineT-TLF/m/it on input line 419.
LaTeX Font Info:    Redeclaring math alphabet \mathtt on input line 420.
LaTeX Font Info:    Overwriting math alphabet `\mathtt' in version `normal'
(Font)                  OT1/cmtt/m/n --> T1/zi4/m/n on input line 420.
LaTeX Font Info:    Overwriting math alphabet `\mathtt' in version `bold'
(Font)                  OT1/cmtt/m/n --> T1/zi4/m/n on input line 420.
LaTeX Font Info:    Redeclaring math alphabet \mathbf on input line 422.
LaTeX Font Info:    Overwriting math alphabet `\mathbf' in version `normal'
(Font)                  OT1/cmr/bx/n --> OT1/LinuxLibertineT-TLF/sb/n on input line 422.
LaTeX Font Info:    Overwriting math alphabet `\mathbf' in version `bold'
(Font)                  OT1/cmr/bx/n --> OT1/LinuxLibertineT-TLF/sb/n on input line 422.
LaTeX Font Info:    Overwriting math alphabet `\mathit' in version `bold'
(Font)                  OT1/LinuxLibertineT-TLF/m/it --> OT1/LinuxLibertineT-TLF/sb/it on input line 423.
LaTeX Font Info:    Overwriting math alphabet `\mathtt' in version `bold'
(Font)                  T1/zi4/m/n --> T1/zi4/b/n on input line 426.
LaTeX Font Info:    Redeclaring symbol font `letters' on input line 444.
LaTeX Font Info:    Overwriting symbol font `letters' in version `normal'
(Font)                  OML/cmm/m/it --> OML/nxlmi/m/it on input line 444.
LaTeX Font Info:    Overwriting symbol font `letters' in version `bold'
(Font)                  OML/cmm/b/it --> OML/nxlmi/m/it on input line 444.
LaTeX Font Info:    Overwriting symbol font `letters' in version `bold'
(Font)                  OML/nxlmi/m/it --> OML/nxlmi/b/it on input line 445.
\symlettersA=\mathgroup6
LaTeX Font Info:    Overwriting symbol font `lettersA' in version `bold'
(Font)                  U/ntxmia/m/it --> U/ntxmia/b/it on input line 582.
LaTeX Font Info:    Redeclaring math alphabet \mathfrak on input line 584.
Now handling font encoding LMS ...
... no UTF-8 mapping file for font encoding LMS
LaTeX Font Info:    Redeclaring symbol font `symbols' on input line 604.
LaTeX Font Info:    Encoding `OMS' has changed to `LMS' for symbol font
(Font)              `symbols' in the math version `normal' on input line 604.
LaTeX Font Info:    Overwriting symbol font `symbols' in version `normal'
(Font)                  OMS/cmsy/m/n --> LMS/ntxsy/m/n on input line 604.
LaTeX Font Info:    Encoding `OMS' has changed to `LMS' for symbol font
(Font)              `symbols' in the math version `bold' on input line 604.
LaTeX Font Info:    Overwriting symbol font `symbols' in version `bold'
(Font)                  OMS/cmsy/b/n --> LMS/ntxsy/m/n on input line 604.
LaTeX Font Info:    Overwriting symbol font `symbols' in version `bold'
(Font)                  LMS/ntxsy/m/n --> LMS/ntxsy/b/n on input line 605.
\symAMSm=\mathgroup7
LaTeX Font Info:    Overwriting symbol font `AMSm' in version `bold'
(Font)                  U/ntxsym/m/n --> U/ntxsym/b/n on input line 630.
\symsymbolsC=\mathgroup8
LaTeX Font Info:    Overwriting symbol font `symbolsC' in version `bold'
(Font)                  U/ntxsyc/m/n --> U/ntxsyc/b/n on input line 651.
Now handling font encoding LMX ...
... no UTF-8 mapping file for font encoding LMX
LaTeX Font Info:    Redeclaring symbol font `largesymbols' on input line 664.
LaTeX Font Info:    Encoding `OMX' has changed to `LMX' for symbol font
(Font)              `largesymbols' in the math version `normal' on input line 664.
LaTeX Font Info:    Overwriting symbol font `largesymbols' in version `normal'
(Font)                  OMX/cmex/m/n --> LMX/ntxexx/m/n on input line 664.
LaTeX Font Info:    Encoding `OMX' has changed to `LMX' for symbol font
(Font)              `largesymbols' in the math version `bold' on input line 664.
LaTeX Font Info:    Overwriting symbol font `largesymbols' in version `bold'
(Font)                  OMX/cmex/m/n --> LMX/ntxexx/m/n on input line 664.
LaTeX Font Info:    Overwriting symbol font `largesymbols' in version `bold'
(Font)                  LMX/ntxexx/m/n --> LMX/ntxexx/b/n on input line 665.
\symlargesymbolsTXA=\mathgroup9
LaTeX Font Info:    Overwriting symbol font `largesymbolsTXA' in version `bold'
(Font)                  U/ntxexa/m/n --> U/ntxexa/b/n on input line 679.
\tx@sbptoks=\toks36
LaTeX Font Info:    Redeclaring math delimiter \lfloor on input line 902.
LaTeX Font Info:    Redeclaring math delimiter \rfloor on input line 903.
LaTeX Font Info:    Redeclaring math delimiter \lceil on input line 904.
LaTeX Font Info:    Redeclaring math delimiter \rceil on input line 905.
LaTeX Font Info:    Redeclaring math delimiter \lbrace on input line 910.
LaTeX Font Info:    Redeclaring math delimiter \rbrace on input line 911.
LaTeX Font Info:    Redeclaring math delimiter \langle on input line 913.
LaTeX Font Info:    Redeclaring math delimiter \rangle on input line 915.
LaTeX Font Info:    Redeclaring math delimiter \arrowvert on input line 919.
LaTeX Font Info:    Redeclaring math delimiter \vert on input line 920.
LaTeX Font Info:    Redeclaring math accent \dot on input line 991.
LaTeX Font Info:    Redeclaring math accent \ddot on input line 992.
LaTeX Font Info:    Redeclaring math accent \vec on input line 2057.
LaTeX Info: Redefining \Bbbk on input line 2847.
LaTeX Info: Redefining \not on input line 2995.
LaTeX Info: Redefining \textsquare on input line 3025.
LaTeX Info: Redefining \openbox on input line 3027.
) (C:\Users\burak\AppData\Roaming\MiKTeX\tex/latex/caption\caption.sty
Package: caption 2023/08/05 v3.6o Customizing captions (AR)
 (C:\Users\burak\AppData\Roaming\MiKTeX\tex/latex/caption\caption3.sty
Package: caption3 2023/07/31 v2.4d caption3 kernel (AR)
\caption@tempdima=\dimen190
\captionmargin=\dimen191
\caption@leftmargin=\dimen192
\caption@rightmargin=\dimen193
\caption@width=\dimen194
\caption@indent=\dimen195
\caption@parindent=\dimen196
\caption@hangindent=\dimen197
Package caption Info: AMS or SMF document class detected.
 (C:\Users\burak\AppData\Roaming\MiKTeX\tex/latex/caption\caption-ams-smf.sto
File: caption-ams-smf.sto 2020/08/22 v2.0 Adaption of the caption package to the AMS and SMF document classes (AR)
))
\c@caption@flags=\count326
\c@continuedfloat=\count327
Package caption Info: hyperref package is loaded.
) (C:\Users\burak\AppData\Roaming\MiKTeX\tex/latex/float\float.sty
Package: float 2001/11/08 v1.3d Float enhancements (AL)
\c@float@type=\count328
\float@exts=\toks37
\float@box=\box57
\@float@everytoks=\toks38
\@floatcapt=\box58
)
\@float@every@sidebar=\toks39
\c@sidebar=\count329
\fulltextwidth=\dimen198
\@ACM@labelwidth=\dimen199
\listisep=\skip61
\num@authorgroups=\count330
\num@authors=\count331
\@ACM@badge@width=\skip62
\@ACM@title@width=\skip63
\@ACM@badge@skip=\skip64
Class acmart Info: Printing CCS on input line 1848.
Class acmart Info: Printing bibformat on input line 1848.
Class acmart Info: Suppressing folios on input line 1855.
Class acmart Info: Setting authorsperrow to 0 on input line 1858.
 (C:\Users\burak\AppData\Roaming\MiKTeX\tex/latex/comment\comment.sty
\CommentStream=\write3
 Excluding comment 'comment') Excluding comment 'CCSXML'
\c@@concepts=\count332
\mktitle@bx=\box59
\@ACM@acmcpbox=\box60
\@ACM@commabox=\box61
\author@bx=\box62
\author@bx@wd=\dimen256
\author@bx@sep=\skip65
 (C:\Users\burak\AppData\Roaming\MiKTeX\tex/latex/fancyhdr\fancyhdr.sty
Package: fancyhdr 2025/02/07 v5.2 Extensive control of page headers and footers
\f@nch@headwidth=\skip66
\f@nch@offset@elh=\skip67
\f@nch@offset@erh=\skip68
\f@nch@offset@olh=\skip69
\f@nch@offset@orh=\skip70
\f@nch@offset@elf=\skip71
\f@nch@offset@erf=\skip72
\f@nch@offset@olf=\skip73
\f@nch@offset@orf=\skip74
\f@nch@height=\skip75
\f@nch@footalignment=\skip76
\f@nch@widthL=\skip77
\f@nch@widthC=\skip78
\f@nch@widthR=\skip79
\@temptokenb=\toks40
) Special comment 'acks'
LaTeX Font Info:    Trying to load font information for T1+LinuxLibertineT-TLF on input line 3652.
 (C:\Users\burak\AppData\Roaming\MiKTeX\tex/latex/libertine\t1linuxlibertinet-tlf.fd
File: T1LinuxLibertineT-TLF.fd 2017/03/20 (autoinst) Font definitions for T1/LinuxLibertineT-TLF.
)
LaTeX Font Info:    Font shape `T1/LinuxLibertineT-TLF/m/n' will be
(Font)              scaled to size 9.0pt on input line 3652.
) (C:\Users\burak\AppData\Roaming\MiKTeX\tex/latex/filecontents\filecontents.sty
Package: filecontents 2023/04/02 v1.5a Create an external file from within a LaTeX document


Package filecontents Warning: This package is obsolete. Disabling it and
(filecontents)                passing control to the filecontents environment
(filecontents)                defined by the LaTeX kernel.

)

LaTeX Info: File `sample-base.bib' already exists on the system.
            Not generating it from this source.


LaTeX Info: File `software.bib' already exists on the system.
            Not generating it from this source.


Class acmart Warning: The macro \acmPriceis obsolete. ACM no longer prints the price in bibstrip. on input line 255.

(C:\Program Files\MiKTeX\tex/latex/biblatex\biblatex.sty
Package: biblatex 2025/07/10 v3.21 programmable bibliographies (PK/MW)
 (C:\Users\burak\AppData\Roaming\MiKTeX\tex/latex/logreq\logreq.sty
Package: logreq 2010/08/04 v1.0 xml request logger
\lrq@indent=\count333
 (C:\Users\burak\AppData\Roaming\MiKTeX\tex/latex/logreq\logreq.def
File: logreq.def 2010/08/04 v1.0 logreq spec v1.0
))
\c@tabx@nest=\count334
\c@listtotal=\count335
\c@listcount=\count336
\c@liststart=\count337
\c@liststop=\count338
\c@citecount=\count339
\c@citetotal=\count340
\c@multicitecount=\count341
\c@multicitetotal=\count342
\c@instcount=\count343
\c@maxnames=\count344
\c@minnames=\count345
\c@maxitems=\count346
\c@minitems=\count347
\c@citecounter=\count348
\c@maxcitecounter=\count349
\c@savedcitecounter=\count350
\c@uniquelist=\count351
\c@uniquename=\count352
\c@refsection=\count353
\c@refsegment=\count354
\c@maxextratitle=\count355
\c@maxextratitleyear=\count356
\c@maxextraname=\count357
\c@maxextradate=\count358
\c@maxextraalpha=\count359
\c@abbrvpenalty=\count360
\c@highnamepenalty=\count361
\c@lownamepenalty=\count362
\c@maxparens=\count363
\c@parenlevel=\count364
\blx@tempcnta=\count365
\blx@tempcntb=\count366
\blx@tempcntc=\count367
\c@blx@maxsection=\count368
\blx@maxsegment@0=\count369
\blx@notetype=\count370
\blx@parenlevel@text=\count371
\blx@parenlevel@foot=\count372
\blx@sectionciteorder@0=\count373
\blx@sectionciteorderinternal@0=\count374
\blx@entrysetcounter=\count375
\blx@biblioinstance=\count376
\labelnumberwidth=\skip80
\labelalphawidth=\skip81
\biblabelsep=\skip82
\bibitemsep=\skip83
\bibnamesep=\skip84
\bibinitsep=\skip85
\bibparsep=\skip86
\bibhang=\skip87
\blx@bcfin=\read3
\blx@bcfout=\write4
\blx@langwohyphens=\language79
\c@mincomprange=\count377
\c@maxcomprange=\count378
\c@mincompwidth=\count379
Package biblatex Info: Trying to load biblatex default data model...
Package biblatex Info: ... file 'blx-dm.def' found.
 (C:\Program Files\MiKTeX\tex/latex/biblatex\blx-dm.def
File: blx-dm.def 2025/07/10 v3.21 biblatex datamodel (PK/MW)
)
Package biblatex Info: Trying to load biblatex style data model...
Package biblatex Info: ... file 'acmdatamodel.dbx' found.
 (C:\Users\burak\AppData\Roaming\MiKTeX\tex/latex/acmart\acmdatamodel.dbx
Package biblatex Info: Trying to load biblatex data model extension for software...
Package biblatex Info: ... file 'software.dbx' found.
 (C:\Users\burak\AppData\Roaming\MiKTeX\tex/latex/biblatex-software\software.dbx
File: software.dbx 2022/08/01 datamodel extension for software entries, Roberto Di Cosmo
))
Package biblatex Info: Trying to load biblatex custom data model...
Package biblatex Info: ... file 'biblatex-dm.cfg' not found.
\c@afterword=\count380
\c@savedafterword=\count381
\c@annotator=\count382
\c@savedannotator=\count383
\c@author=\count384
\c@savedauthor=\count385
\c@bookauthor=\count386
\c@savedbookauthor=\count387
\c@commentator=\count388
\c@savedcommentator=\count389
\c@editor=\count390
\c@savededitor=\count391
\c@editora=\count392
\c@savededitora=\count393
\c@editorb=\count394
\c@savededitorb=\count395
\c@editorc=\count396
\c@savededitorc=\count397
\c@foreword=\count398
\c@savedforeword=\count399
\c@holder=\count400
\c@savedholder=\count401
\c@introduction=\count402
\c@savedintroduction=\count403
\c@namea=\count404
\c@savednamea=\count405
\c@nameb=\count406
\c@savednameb=\count407
\c@namec=\count408
\c@savednamec=\count409
\c@translator=\count410
\c@savedtranslator=\count411
\c@shortauthor=\count412
\c@savedshortauthor=\count413
\c@shorteditor=\count414
\c@savedshorteditor=\count415
\c@labelname=\count416
\c@savedlabelname=\count417
\c@institution=\count418
\c@savedinstitution=\count419
\c@lista=\count420
\c@savedlista=\count421
\c@listb=\count422
\c@savedlistb=\count423
\c@listc=\count424
\c@savedlistc=\count425
\c@listd=\count426
\c@savedlistd=\count427
\c@liste=\count428
\c@savedliste=\count429
\c@listf=\count430
\c@savedlistf=\count431
\c@location=\count432
\c@savedlocation=\count433
\c@organization=\count434
\c@savedorganization=\count435
\c@origlocation=\count436
\c@savedoriglocation=\count437
\c@origpublisher=\count438
\c@savedorigpublisher=\count439
\c@publisher=\count440
\c@savedpublisher=\count441
\c@language=\count442
\c@savedlanguage=\count443
\c@origlanguage=\count444
\c@savedoriglanguage=\count445
\c@urls=\count446
\c@savedurls=\count447
\c@urlsraw=\count448
\c@savedurlsraw=\count449
\c@school=\count450
\c@savedschool=\count451
\c@license=\count452
\c@savedlicense=\count453
\c@pageref=\count454
\c@savedpageref=\count455
\shorthandwidth=\skip88
\shortjournalwidth=\skip89
\shortserieswidth=\skip90
\shorttitlewidth=\skip91
\shortauthorwidth=\skip92
\shorteditorwidth=\skip93
\locallabelnumberwidth=\skip94
\locallabelalphawidth=\skip95
\localshorthandwidth=\skip96
\localshortjournalwidth=\skip97
\localshortserieswidth=\skip98
\localshorttitlewidth=\skip99
\localshortauthorwidth=\skip100
\localshorteditorwidth=\skip101
Package biblatex Info: Trying to load compatibility code...
Package biblatex Info: ... file 'blx-compat.def' found.
 (C:\Program Files\MiKTeX\tex/latex/biblatex\blx-compat.def
File: blx-compat.def 2025/07/10 v3.21 biblatex compatibility (PK/MW)
)
Package biblatex Info: Trying to load generic definitions...
Package biblatex Info: ... file 'biblatex.def' found.
 (C:\Program Files\MiKTeX\tex/latex/biblatex\biblatex.def
File: biblatex.def 2025/07/10 v3.21 biblatex compatibility (PK/MW)
\c@textcitecount=\count456
\c@textcitetotal=\count457
\c@textcitemaxnames=\count458
\c@biburlbigbreakpenalty=\count459
\c@biburlbreakpenalty=\count460
\c@biburlnumpenalty=\count461
\c@biburlucpenalty=\count462
\c@biburllcpenalty=\count463
\biburlbigskip=\muskip19
\biburlnumskip=\muskip20
\biburlucskip=\muskip21
\biburllcskip=\muskip22
\c@smartand=\count464
)
Package biblatex Info: Trying to load bibliography style 'acmnumeric'...
Package biblatex Info: ... file 'acmnumeric.bbx' found.
 (C:\Users\burak\AppData\Roaming\MiKTeX\tex/latex/acmart\acmnumeric.bbx
File: acmnumeric.bbx 2017-09-27 v0.1 biblatex bibliography style
Package biblatex Info: Trying to load bibliography style 'trad-plain'...
Package biblatex Info: ... file 'trad-plain.bbx' found.
 (C:\Users\burak\AppData\Roaming\MiKTeX\tex/latex/biblatex-trad\trad-plain.bbx
File: trad-plain.bbx 2021/03/06 v0.5 biblatex-trad plain bibliography style
Package biblatex Info: Trying to load bibliography style 'trad-standard'...
Package biblatex Info: ... file 'trad-standard.bbx' found.
 (C:\Users\burak\AppData\Roaming\MiKTeX\tex/latex/biblatex-trad\trad-standard.bbx
File: trad-standard.bbx 2021/03/06 v0.5 biblatex-trad base bibliography style
Package biblatex Info: Trying to load bibliography style 'standard'...
Package biblatex Info: ... file 'standard.bbx' found.
 (C:\Program Files\MiKTeX\tex/latex/biblatex/bbx\standard.bbx
File: standard.bbx 2025/07/10 v3.21 biblatex bibliography style (PK/MW)
\c@bbx:relatedcount=\count465
\c@bbx:relatedtotal=\count466
)))
Package biblatex Info: Trying to load biblatex style for software...
Package biblatex Info: ... file 'software.bbx' found.
 (C:\Users\burak\AppData\Roaming\MiKTeX\tex/latex/biblatex-software\software.bbx
File: software.bbx 2022/08/01 bibliography driver extension for software entries, Roberto Di Cosmo
 (C:\Users\burak\AppData\Roaming\MiKTeX\tex/latex/xurl\xurl.sty
Package: xurl 2022/01/09 v 0.10 modify URL breaks

xurl: Set penalties for biblatex
)))
Package biblatex Info: Trying to load citation style 'acmnumeric'...
Package biblatex Info: ... file 'acmnumeric.cbx' found.
 (C:\Users\burak\AppData\Roaming\MiKTeX\tex/latex/acmart\acmnumeric.cbx
File: acmnumeric.cbx 2017-09-27 v0.1
Package biblatex Info: Trying to load citation style 'numeric'...
Package biblatex Info: ... file 'numeric.cbx' found.
 (C:\Program Files\MiKTeX\tex/latex/biblatex/cbx\numeric.cbx
File: numeric.cbx 2025/07/10 v3.21 biblatex citation style (PK/MW)
Package biblatex Info: Redefining '\cite'.
Package biblatex Info: Redefining '\parencite'.
Package biblatex Info: Redefining '\footcite'.
Package biblatex Info: Redefining '\footcitetext'.
Package biblatex Info: Redefining '\smartcite'.
Package biblatex Info: Redefining '\supercite'.
Package biblatex Info: Redefining '\textcite'.
Package biblatex Info: Redefining '\textcites'.
Package biblatex Info: Redefining '\cites'.
Package biblatex Info: Redefining '\parencites'.
Package biblatex Info: Redefining '\smartcites'.
))
Package biblatex Info: Trying to load configuration file...
Package biblatex Info: ... file 'biblatex.cfg' found.
 (C:\Program Files\MiKTeX\tex/latex/biblatex\biblatex.cfg
File: biblatex.cfg 
)
Package biblatex Info: Input encoding 'utf8' detected.
Package biblatex Info: Document encoding is UTF8 ....
 (C:\Program Files\MiKTeX\tex/latex/l3kernel\expl3.sty
Package: expl3 2025-09-02 L3 programming layer (loader) 
 (C:\Program Files\MiKTeX\tex/latex/l3backend\l3backend-pdftex.def
File: l3backend-pdftex.def 2025-06-09 L3 backend support: PDF output (pdfTeX)
\l__color_backend_stack_int=\count467
))
Package biblatex Info: ... and expl3
(biblatex)             2025-09-02 L3 programming layer (loader) 
(biblatex)             is new enough (at least 2020/04/06),
(biblatex)             setting 'casechanger=expl3'.
 (C:\Program Files\MiKTeX\tex/latex/biblatex\blx-case-expl3.sty (C:\Program Files\MiKTeX\tex/latex/l3packages/xparse\xparse.sty
Package: xparse 2024-08-16 L3 Experimental document command parser
)
Package: blx-case-expl3 2025/07/10 v3.21 expl3 case changing code for biblatex
))
Package hyperref Info: Option `pdfdisplaydoctitle' set `true' on input line 295.
\c@theorem=\count468
 (C:\Users\burak\AppData\Roaming\MiKTeX\tex/latex/preprint\balance.sty
Package: balance 1999/02/23 4.3 (PWD)
\oldvsize=\dimen257
) Excluding comment 'screenonly' Include comment 'printonly' Include comment 'anonsuppress'
\@quotelevel=\count469
\@quotereset=\count470


LaTeX Warning: Unused global option(s):
    [natbib=false].

(a-bit-better.aux)
\openout1 = `a-bit-better.aux'.

LaTeX Font Info:    Checking defaults for OML/nxlmi/m/it on input line 295.
LaTeX Font Info:    Trying to load font information for OML+nxlmi on input line 295.
 (C:\Users\burak\AppData\Roaming\MiKTeX\tex/latex/newtx\omlnxlmi.fd
File: omlnxlmi.fd 2013/11/19 Fontinst v1.933 font definitions for OML/nxlmi.
)
LaTeX Font Info:    ... okay on input line 295.
LaTeX Font Info:    Checking defaults for OMS/cmsy/m/n on input line 295.
LaTeX Font Info:    ... okay on input line 295.
LaTeX Font Info:    Checking defaults for OT1/cmr/m/n on input line 295.
LaTeX Font Info:    ... okay on input line 295.
LaTeX Font Info:    Checking defaults for T1/cmr/m/n on input line 295.
LaTeX Font Info:    ... okay on input line 295.
LaTeX Font Info:    Checking defaults for TS1/cmr/m/n on input line 295.
LaTeX Font Info:    ... okay on input line 295.
LaTeX Font Info:    Checking defaults for OMX/cmex/m/n on input line 295.
LaTeX Font Info:    ... okay on input line 295.
LaTeX Font Info:    Checking defaults for U/ntxexa/m/n on input line 295.
LaTeX Font Info:    Trying to load font information for U+ntxexa on input line 295.
 (C:\Users\burak\AppData\Roaming\MiKTeX\tex/latex/newtx\untxexa.fd
File: untxexa.fd 2012/04/16 Fontinst v1.933 font definitions for U/ntxexa.
)
LaTeX Font Info:    ... okay on input line 295.
LaTeX Font Info:    Checking defaults for PD1/pdf/m/n on input line 295.
LaTeX Font Info:    ... okay on input line 295.
LaTeX Font Info:    Checking defaults for PU/pdf/m/n on input line 295.
LaTeX Font Info:    ... okay on input line 295.
LaTeX Font Info:    Checking defaults for LMS/ntxsy/m/n on input line 295.
LaTeX Font Info:    Trying to load font information for LMS+ntxsy on input line 295.
 (C:\Users\burak\AppData\Roaming\MiKTeX\tex/latex/newtx\lmsntxsy.fd
File: lmsntxsy.fd 2016/07/02 Fontinst v1.933 font definitions for LMS/ntxsy.
)
LaTeX Font Info:    ... okay on input line 295.
LaTeX Font Info:    Checking defaults for LMX/ntxexx/m/n on input line 295.
LaTeX Font Info:    Trying to load font information for LMX+ntxexx on input line 295.
 (C:\Users\burak\AppData\Roaming\MiKTeX\tex/latex/newtx\lmxntxexx.fd
File: lmxntxexx.fd 2016/07/03 Fontinst v1.933 font definitions for LMX/ntxexx.
)
LaTeX Font Info:    ... okay on input line 295.
LaTeX Font Info:    Font shape `T1/LinuxLibertineT-TLF/m/n' will be
(Font)              scaled to size 7.0pt on input line 295.
LaTeX Font Info:    Trying to load font information for OT1+LinuxLibertineT-TLF on input line 295.
 (C:\Users\burak\AppData\Roaming\MiKTeX\tex/latex/libertine\ot1linuxlibertinet-tlf.fd
File: OT1LinuxLibertineT-TLF.fd 2017/03/20 (autoinst) Font definitions for OT1/LinuxLibertineT-TLF.
)
LaTeX Font Info:    Font shape `OT1/LinuxLibertineT-TLF/m/n' will be
(Font)              scaled to size 7.3pt on input line 295.
<<ot1.cmap>>
LaTeX Font Info:    Font shape `OT1/LinuxLibertineT-TLF/m/n' will be
(Font)              scaled to size 5.5pt on input line 295.
LaTeX Font Info:    Font shape `OML/nxlmi/m/it' will be
(Font)              scaled to size 7.3pt on input line 295.
<<oml.cmap>>
LaTeX Font Info:    Font shape `OML/nxlmi/m/it' will be
(Font)              scaled to size 5.5pt on input line 295.
LaTeX Font Info:    Font shape `LMS/ntxsy/m/n' will be
(Font)              scaled to size 7.3pt on input line 295.
LaTeX Font Info:    Font shape `LMS/ntxsy/m/n' will be
(Font)              scaled to size 5.5pt on input line 295.
LaTeX Font Info:    Font shape `LMX/ntxexx/m/n' will be
(Font)              scaled to size 7.3pt on input line 295.
LaTeX Font Info:    Font shape `LMX/ntxexx/m/n' will be
(Font)              scaled to size 5.5pt on input line 295.
LaTeX Font Info:    Trying to load font information for U+msa on input line 295.
 (C:\Program Files\MiKTeX\tex/latex/amsfonts\umsa.fd
File: umsa.fd 2013/01/14 v3.01 AMS symbols A
)
LaTeX Font Info:    Trying to load font information for U+msb on input line 295.
 (C:\Program Files\MiKTeX\tex/latex/amsfonts\umsb.fd
File: umsb.fd 2013/01/14 v3.01 AMS symbols B
)
LaTeX Font Info:    Trying to load font information for U+ntxmia on input line 295.
 (C:\Users\burak\AppData\Roaming\MiKTeX\tex/latex/newtx\untxmia.fd
File: untxmia.fd 2024/04/09 Fontinst v1.933 font definitions for U/ntxmia.
)
LaTeX Font Info:    Font shape `U/ntxmia/m/it' will be
(Font)              scaled to size 7.3pt on input line 295.
LaTeX Font Info:    Font shape `U/ntxmia/m/it' will be
(Font)              scaled to size 5.5pt on input line 295.
LaTeX Font Info:    Trying to load font information for U+ntxsym on input line 295.
 (C:\Users\burak\AppData\Roaming\MiKTeX\tex/latex/newtx\untxsym.fd
File: untxsym.fd 2023/08/16 Fontinst v1.933 font definitions for U/ntxsym.
)
LaTeX Font Info:    Font shape `U/ntxsym/m/n' will be
(Font)              scaled to size 7.3pt on input line 295.
LaTeX Font Info:    Font shape `U/ntxsym/m/n' will be
(Font)              scaled to size 5.5pt on input line 295.
LaTeX Font Info:    Trying to load font information for U+ntxsyc on input line 295.
 (C:\Users\burak\AppData\Roaming\MiKTeX\tex/latex/newtx\untxsyc.fd
File: untxsyc.fd 2012/04/12 Fontinst v1.933 font definitions for U/ntxsyc.
)
LaTeX Font Info:    Font shape `U/ntxsyc/m/n' will be
(Font)              scaled to size 7.3pt on input line 295.
LaTeX Font Info:    Font shape `U/ntxsyc/m/n' will be
(Font)              scaled to size 5.5pt on input line 295.
LaTeX Font Info:    Font shape `U/ntxexa/m/n' will be
(Font)              scaled to size 7.3pt on input line 295.
LaTeX Font Info:    Font shape `U/ntxexa/m/n' will be
(Font)              scaled to size 5.5pt on input line 295.
LaTeX Info: Command `\dddot' is already robust on input line 295.
LaTeX Info: Command `\ddddot' is already robust on input line 295.
LaTeX Info: Redefining \microtypecontext on input line 295.
Package microtype Info: Applying patch `item' on input line 295.
Package microtype Info: Applying patch `toc' on input line 295.
Package microtype Info: Applying patch `eqnum' on input line 295.
Package microtype Info: Applying patch `footnote' on input line 295.
Package microtype Info: Applying patch `verbatim' on input line 295.
LaTeX Info: Redefining \microtypesetup on input line 295.
Package microtype Info: Generating PDF output.
Package microtype Info: Character protrusion enabled (level 2).
Package microtype Info: Using default protrusion set `alltext'.
Package microtype Info: Automatic font expansion enabled (level 2),
(microtype)             stretch: 20, shrink: 20, step: 1, non-selected.
Package microtype Info: Using default expansion set `alltext-nott'.
Package microtype Info: Patching command `\showhyphens'.
Package microtype Info: No adjustment of tracking.
Package microtype Info: No adjustment of interword spacing.
Package microtype Info: No adjustment of character kerning.
Package microtype Info: Loading generic protrusion settings for font family
(microtype)             `LinuxLibertineT-TLF' (encoding: T1).
(microtype)             For optimal results, create family-specific settings.
(microtype)             See the microtype manual for details.
Package hyperref Info: Link coloring OFF on input line 295.
 (a-bit-better.out) (a-bit-better.out)
\@outlinefile=\write5
\openout5 = `a-bit-better.out'.

 (C:\Program Files\MiKTeX\tex/context/base/mkii\supp-pdf.mkii
[Loading MPS to PDF converter (version 2006.09.02).]
\scratchcounter=\count471
\scratchdimen=\dimen258
\scratchbox=\box63
\nofMPsegments=\count472
\nofMParguments=\count473
\everyMPshowfont=\toks41
\MPscratchCnt=\count474
\MPscratchDim=\dimen259
\MPnumerator=\count475
\makeMPintoPDFobject=\count476
\everyMPtoPDFconversion=\toks42
) (C:\Program Files\MiKTeX\tex/latex/epstopdf-pkg\epstopdf-base.sty
Package: epstopdf-base 2020-01-24 v2.11 Base part for package epstopdf
Package epstopdf-base Info: Redefining graphics rule for `.eps' on input line 485.
 (C:\Program Files\MiKTeX\tex/latex/00miktex\epstopdf-sys.cfg
File: epstopdf-sys.cfg 2021/03/18 v2.0 Configuration of epstopdf for MiKTeX
))
*geometry* driver: auto-detecting
*geometry* detected driver: pdftex
*geometry* verbose mode - [ preamble ] result:
* driver: pdftex
* paper: custom
* layout: <same size as paper>
* layoutoffset:(h,v)=(0.0pt,0.0pt)
* modes: includehead includefoot twoside heightrounded 
* h-part:(L,W,R)=(54.0pt, 506.295pt, 54.0pt)
* v-part:(T,H,B)=(57.0pt, 664.96999pt, 73.0pt)
* \paperwidth=614.295pt
* \paperheight=794.96999pt
* \textwidth=506.295pt
* \textheight=626.0pt
* \oddsidemargin=-18.26999pt
* \evensidemargin=-18.26999pt
* \topmargin=-15.26999pt
* \headheight=13.0pt
* \headsep=14.0pt
* \topskip=10.0pt
* \footskip=12.0pt
* \marginparwidth=24.0pt
* \marginparsep=11.0pt
* \columnsep=24.0pt
* \skip\footins=7.0pt plus 11.0pt
* \hoffset=0.0pt
* \voffset=0.0pt
* \mag=1000
* \@twocolumnfalse
* \@twosidetrue
* \@mparswitchtrue
* \@reversemarginfalse
* (1in=72.27pt=25.4mm, 1cm=28.453pt)

\c@mv@tabular=\count477
\c@mv@boldtabular=\count478
(C:\Users\burak\AppData\Roaming\MiKTeX\tex/latex/upquote\upquote.sty
Package: upquote 2012/04/19 v1.3 upright-quote and grave-accent glyphs in verbatim
)
Package caption Info: Begin \AtBeginDocument code.
Package caption Info: float package is loaded.
Package caption Info: End \AtBeginDocument code.
Package biblatex Info: Trying to load language 'american'...
Package biblatex Info: ... file 'american.lbx' found.
 (C:\Program Files\MiKTeX\tex/latex/biblatex/lbx\american.lbx
File: american.lbx 2025/07/10 v3.21 biblatex localization (PK/MW)
Package biblatex Info: Trying to load language 'english' -> 'english-software'...
Package biblatex Info: ... file 'english-software.lbx' found.
 (C:\Users\burak\AppData\Roaming\MiKTeX\tex/latex/biblatex-software\english-software.lbx
File: english-software.lbx 2022/08/01 english with additions for software
Package biblatex Info: Trying to load language 'english'...
Package biblatex Info: ... file 'english.lbx' found.
 (C:\Program Files\MiKTeX\tex/latex/biblatex/lbx\english.lbx
File: english.lbx 2025/07/10 v3.21 biblatex localization (PK/MW)
))
Package biblatex Info: Trying to load language 'english' -> 'english-software'...
Package biblatex Info: ... file 'english-software.lbx' found.
 (C:\Users\burak\AppData\Roaming\MiKTeX\tex/latex/biblatex-software\english-software.lbx
File: english-software.lbx 2022/08/01 english with additions for software
Package biblatex Info: Trying to load language 'english'...
Package biblatex Info: ... file 'english.lbx' found.
 (C:\Program Files\MiKTeX\tex/latex/biblatex/lbx\english.lbx
File: english.lbx 2025/07/10 v3.21 biblatex localization (PK/MW)
)))
Package biblatex Info: Input encoding 'utf8' detected.
Package biblatex Info: Automatic encoding selection.
(biblatex)             Assuming data encoding 'utf8'.
\openout4 = `a-bit-better.bcf'.

Package biblatex Info: Trying to load bibliographic data...
Package biblatex Info: ... file 'a-bit-better.bbl' found.
 (a-bit-better.bbl

Package biblatex Warning: The following entry could not be found
(biblatex)                in the database:
(biblatex)                fang_rl_key_rotation_zigbee_2024
(biblatex)                Please verify the spelling and rerun
(biblatex)                LaTeX afterwards.


Package biblatex Warning: The following entry could not be found
(biblatex)                in the database:
(biblatex)                futureinternet_transformer_iiot_2025
(biblatex)                Please verify the spelling and rerun
(biblatex)                LaTeX afterwards.

)
Package biblatex Info: Reference section=0 on input line 295.
Package biblatex Info: Reference segment=0 on input line 295.
 Excluding 'CCSXML' comment.
LaTeX Font Info:    Font shape `T1/LinuxLibertineT-TLF/m/n' will be
(Font)              scaled to size 17.28pt on input line 374.
LaTeX Font Info:    Trying to load font information for T1+LinuxBiolinumT-TLF on input line 374.
 (C:\Users\burak\AppData\Roaming\MiKTeX\tex/latex/libertine\t1linuxbiolinumt-tlf.fd
File: T1LinuxBiolinumT-TLF.fd 2017/03/20 (autoinst) Font definitions for T1/LinuxBiolinumT-TLF.
)
LaTeX Font Info:    Font shape `T1/LinuxBiolinumT-TLF/m/n' will be
(Font)              scaled to size 17.28pt on input line 374.
Package microtype Info: Loading generic protrusion settings for font family
(microtype)             `LinuxBiolinumT-TLF' (encoding: T1).
(microtype)             For optimal results, create family-specific settings.
(microtype)             See the microtype manual for details.
LaTeX Font Info:    Font shape `T1/LinuxBiolinumT-TLF/b/n' will be
(Font)              scaled to size 17.28pt on input line 374.
LaTeX Font Info:    Font shape `T1/LinuxLibertineT-TLF/m/n' will be
(Font)              scaled to size 12.0pt on input line 374.
LaTeX Font Info:    Font shape `OT1/LinuxLibertineT-TLF/m/n' will be
(Font)              scaled to size 12.0pt on input line 374.
Package microtype Info: Loading generic protrusion settings for font family
(microtype)             `LinuxLibertineT-TLF' (encoding: OT1).
(microtype)             For optimal results, create family-specific settings.
(microtype)             See the microtype manual for details.
LaTeX Font Info:    Font shape `OT1/LinuxLibertineT-TLF/m/n' will be
(Font)              scaled to size 8.8pt on input line 374.
LaTeX Font Info:    Font shape `OT1/LinuxLibertineT-TLF/m/n' will be
(Font)              scaled to size 6.6pt on input line 374.
LaTeX Font Info:    Font shape `OML/nxlmi/m/it' will be
(Font)              scaled to size 12.0pt on input line 374.
LaTeX Font Info:    Font shape `OML/nxlmi/m/it' will be
(Font)              scaled to size 8.8pt on input line 374.
LaTeX Font Info:    Font shape `OML/nxlmi/m/it' will be
(Font)              scaled to size 6.6pt on input line 374.
LaTeX Font Info:    Font shape `LMS/ntxsy/m/n' will be
(Font)              scaled to size 12.0pt on input line 374.
LaTeX Font Info:    Font shape `LMS/ntxsy/m/n' will be
(Font)              scaled to size 8.8pt on input line 374.
LaTeX Font Info:    Font shape `LMS/ntxsy/m/n' will be
(Font)              scaled to size 6.6pt on input line 374.
LaTeX Font Info:    Font shape `LMX/ntxexx/m/n' will be
(Font)              scaled to size 12.0pt on input line 374.
LaTeX Font Info:    Font shape `LMX/ntxexx/m/n' will be
(Font)              scaled to size 8.8pt on input line 374.
LaTeX Font Info:    Font shape `LMX/ntxexx/m/n' will be
(Font)              scaled to size 6.6pt on input line 374.
 (C:\Users\burak\AppData\Roaming\MiKTeX\tex/latex/microtype\mt-msa.cfg
File: mt-msa.cfg 2006/02/04 v1.1 microtype config. file: AMS symbols (a) (RS)
) (C:\Users\burak\AppData\Roaming\MiKTeX\tex/latex/microtype\mt-msb.cfg
File: mt-msb.cfg 2005/06/01 v1.0 microtype config. file: AMS symbols (b) (RS)
)
LaTeX Font Info:    Font shape `U/ntxmia/m/it' will be
(Font)              scaled to size 12.0pt on input line 374.
LaTeX Font Info:    Font shape `U/ntxmia/m/it' will be
(Font)              scaled to size 8.8pt on input line 374.
LaTeX Font Info:    Font shape `U/ntxmia/m/it' will be
(Font)              scaled to size 6.6pt on input line 374.
LaTeX Font Info:    Font shape `U/ntxsym/m/n' will be
(Font)              scaled to size 12.0pt on input line 374.
LaTeX Font Info:    Font shape `U/ntxsym/m/n' will be
(Font)              scaled to size 8.8pt on input line 374.
LaTeX Font Info:    Font shape `U/ntxsym/m/n' will be
(Font)              scaled to size 6.6pt on input line 374.
LaTeX Font Info:    Font shape `U/ntxsyc/m/n' will be
(Font)              scaled to size 12.0pt on input line 374.
LaTeX Font Info:    Font shape `U/ntxsyc/m/n' will be
(Font)              scaled to size 8.8pt on input line 374.
LaTeX Font Info:    Font shape `U/ntxsyc/m/n' will be
(Font)              scaled to size 6.6pt on input line 374.
LaTeX Font Info:    Font shape `U/ntxexa/m/n' will be
(Font)              scaled to size 12.0pt on input line 374.
LaTeX Font Info:    Font shape `U/ntxexa/m/n' will be
(Font)              scaled to size 8.8pt on input line 374.
LaTeX Font Info:    Font shape `U/ntxexa/m/n' will be
(Font)              scaled to size 6.6pt on input line 374.
LaTeX Font Info:    Trying to load font information for TS1+LinuxLibertineT-TLF on input line 374.
 (C:\Users\burak\AppData\Roaming\MiKTeX\tex/latex/libertine\ts1linuxlibertinet-tlf.fd
File: TS1LinuxLibertineT-TLF.fd 2017/03/20 (autoinst) Font definitions for TS1/LinuxLibertineT-TLF.
)
LaTeX Font Info:    Font shape `TS1/LinuxLibertineT-TLF/m/n' will be
(Font)              scaled to size 8.8pt on input line 374.
Package microtype Info: Loading generic protrusion settings for font family
(microtype)             `LinuxLibertineT-TLF' (encoding: TS1).
(microtype)             For optimal results, create family-specific settings.
(microtype)             See the microtype manual for details.
LaTeX Font Info:    Font shape `T1/LinuxLibertineT-TLF/m/n' will be
(Font)              scaled to size 10.0pt on input line 374.
LaTeX Font Info:    Font shape `OT1/LinuxLibertineT-TLF/m/n' will be
(Font)              scaled to size 10.0pt on input line 374.
LaTeX Font Info:    Font shape `OML/nxlmi/m/it' will be
(Font)              scaled to size 10.0pt on input line 374.
LaTeX Font Info:    Font shape `LMS/ntxsy/m/n' will be
(Font)              scaled to size 10.0pt on input line 374.
LaTeX Font Info:    Font shape `LMX/ntxexx/m/n' will be
(Font)              scaled to size 10.0pt on input line 374.
LaTeX Font Info:    Font shape `U/ntxmia/m/it' will be
(Font)              scaled to size 10.0pt on input line 374.
LaTeX Font Info:    Font shape `U/ntxsym/m/n' will be
(Font)              scaled to size 10.0pt on input line 374.
LaTeX Font Info:    Font shape `U/ntxsyc/m/n' will be
(Font)              scaled to size 10.0pt on input line 374.
LaTeX Font Info:    Font shape `U/ntxexa/m/n' will be
(Font)              scaled to size 10.0pt on input line 374.


Class acmart Warning: ACM no longer collects authors' postal addresses. I am ignoring your street address on input line 374.


Class acmart Warning: ACM no longer collects authors' postal addresses. I am ignoring your postal code on input line 374.

LaTeX Font Info:    Font shape `T1/LinuxLibertineT-TLF/m/n' will be
(Font)              scaled to size 5.5pt on input line 374.
LaTeX Font Info:    Font shape `TS1/LinuxLibertineT-TLF/m/n' will be
(Font)              scaled to size 5.5pt on input line 374.
LaTeX Font Info:    Font shape `T1/LinuxLibertineT-TLF/m/it' will be
(Font)              scaled to size 7.0pt on input line 374.
LaTeX Font Info:    Font shape `TS1/LinuxLibertineT-TLF/m/n' will be
(Font)              scaled to size 7.0pt on input line 374.
LaTeX Font Info:    Font shape `T1/LinuxLibertineT-TLF/b/n' will be
(Font)              scaled to size 9.0pt on input line 374.
LaTeX Font Info:    Font shape `T1/LinuxLibertineT-TLF/b/n' will be
(Font)              scaled to size 10.95pt on input line 374.
LaTeX Font Info:    Font shape `OT1/LinuxLibertineT-TLF/m/n' will be
(Font)              scaled to size 9.0pt on input line 374.
LaTeX Font Info:    Font shape `OML/nxlmi/m/it' will be
(Font)              scaled to size 9.0pt on input line 374.
LaTeX Font Info:    Font shape `LMS/ntxsy/m/n' will be
(Font)              scaled to size 9.0pt on input line 374.
LaTeX Font Info:    Font shape `LMX/ntxexx/m/n' will be
(Font)              scaled to size 9.0pt on input line 374.
LaTeX Font Info:    Font shape `U/ntxmia/m/it' will be
(Font)              scaled to size 9.0pt on input line 374.
LaTeX Font Info:    Font shape `U/ntxsym/m/n' will be
(Font)              scaled to size 9.0pt on input line 374.
LaTeX Font Info:    Font shape `U/ntxsyc/m/n' will be
(Font)              scaled to size 9.0pt on input line 374.
LaTeX Font Info:    Font shape `U/ntxexa/m/n' will be
(Font)              scaled to size 9.0pt on input line 374.
LaTeX Font Info:    Font shape `TS1/LinuxLibertineT-TLF/m/n' will be
(Font)              scaled to size 9.0pt on input line 374.
LaTeX Font Info:    Font shape `T1/LinuxLibertineT-TLF/m/it' will be
(Font)              scaled to size 9.0pt on input line 374.


LaTeX Font Info:    Font shape `T1/LinuxLibertineT-TLF/m/n' will be
(Font)              scaled to size 8.0pt on input line 374.
LaTeX Font Info:    Font shape `T1/LinuxLibertineT-TLF/b/n' will be
(Font)              scaled to size 8.0pt on input line 374.
LaTeX Font Info:    Font shape `T1/LinuxLibertineT-TLF/m/it' will be
(Font)              scaled to size 8.0pt on input line 374.
LaTeX Font Info:    Font shape `OT1/LinuxLibertineT-TLF/m/n' will be
(Font)              scaled to size 8.0pt on input line 374.
LaTeX Font Info:    Font shape `OT1/LinuxLibertineT-TLF/m/n' will be
(Font)              scaled to size 6.0pt on input line 374.
LaTeX Font Info:    Font shape `OML/nxlmi/m/it' will be
(Font)              scaled to size 8.0pt on input line 374.
LaTeX Font Info:    Font shape `OML/nxlmi/m/it' will be
(Font)              scaled to size 6.0pt on input line 374.
LaTeX Font Info:    Font shape `LMS/ntxsy/m/n' will be
(Font)              scaled to size 8.0pt on input line 374.
LaTeX Font Info:    Font shape `LMS/ntxsy/m/n' will be
(Font)              scaled to size 6.0pt on input line 374.
LaTeX Font Info:    Font shape `LMX/ntxexx/m/n' will be
(Font)              scaled to size 8.0pt on input line 374.
LaTeX Font Info:    Font shape `LMX/ntxexx/m/n' will be
(Font)              scaled to size 6.0pt on input line 374.
LaTeX Font Info:    Font shape `U/ntxmia/m/it' will be
(Font)              scaled to size 8.0pt on input line 374.
LaTeX Font Info:    Font shape `U/ntxmia/m/it' will be
(Font)              scaled to size 6.0pt on input line 374.
LaTeX Font Info:    Font shape `U/ntxsym/m/n' will be
(Font)              scaled to size 8.0pt on input line 374.
LaTeX Font Info:    Font shape `U/ntxsym/m/n' will be
(Font)              scaled to size 6.0pt on input line 374.
LaTeX Font Info:    Font shape `U/ntxsyc/m/n' will be
(Font)              scaled to size 8.0pt on input line 374.
LaTeX Font Info:    Font shape `U/ntxsyc/m/n' will be
(Font)              scaled to size 6.0pt on input line 374.
LaTeX Font Info:    Font shape `U/ntxexa/m/n' will be
(Font)              scaled to size 8.0pt on input line 374.
LaTeX Font Info:    Font shape `U/ntxexa/m/n' will be
(Font)              scaled to size 6.0pt on input line 374.

LaTeX Warning: File `D10.png' not found on input line 380.

LaTeX Font Info:    Trying to load font information for T1+zi4 on input line 380.
(C:\Users\burak\AppData\Roaming\MiKTeX\tex/latex/inconsolata\t1zi4.fd
File: t1zi4.fd 2018/01/14 T1/zi4 (Inconsolata)
)
LaTeX Font Info:    Font shape `T1/zi4/m/n' will be
(Font)              scaled to size 9.0pt on input line 380.
Package microtype Info: Loading generic protrusion settings for font family
(microtype)             `zi4' (encoding: T1).
(microtype)             For optimal results, create family-specific settings.
(microtype)             See the microtype manual for details.


[1.1{C:/Users/burak/AppData/Local/MiKTeX/fonts/map/pdftex/pdftex.map}{C:/Users/burak/AppData/Roaming/MiKTeX/fonts/enc/dvips/libertine/lbtn_25tcsq.enc}{C:/Users/burak/AppData/Roaming/MiKTeX/fonts/enc/dvips/libertine/lbtn_76gpa5.enc}{C:/Users/burak/AppData/Roaming/MiKTeX/fonts/enc/dvips/libertine/lbtn_naooyc.enc}

{C:/Users/burak/AppData/Roaming/MiKTeX/fonts/enc/dvips/libertine/lbtn_nh77jq.enc}{C:/Users/burak/AppData/Roaming/MiKTeX/fonts/enc/dvips/libertine/lbtn_7grukw.enc}{C:/Users/burak/AppData/Roaming/MiKTeX/fonts/enc/dvips/inconsolata/i4-t1-4.enc}]

LaTeX Warning: Citation 'futureinternet_transformer_iiot_2025' on page 2 undefined on input line 396.


Overfull \hbox (39.0404pt too wide) in paragraph at lines 396--397
\T1/LinuxLibertineT-TLF/m/n/9 (-20) Boost [[]3[]] and Trans-former [[]]
 []


Underfull \vbox (badness 10000) has occurred while \output is active []




LaTeX Warning: File `D1.png' not found on input line 404.



LaTeX Font Info:    Font shape `T1/LinuxBiolinumT-TLF/m/n' will be
(Font)              scaled to size 9.0pt on input line 418.
LaTeX Font Info:    Font shape `T1/LinuxBiolinumT-TLF/m/n' will be
(Font)              scaled to size 7.0pt on input line 418.
[2.2]

LaTeX Warning: Citation 'futureinternet_transformer_iiot_2025' on page 3 undefined on input line 425.


LaTeX Warning: Citation 'fang_rl_key_rotation_zigbee_2024' on page 3 undefined on input line 425.


Overfull \hbox (11.96132pt too wide) in paragraph at lines 425--426
\T1/LinuxLibertineT-TLF/m/n/9 (-20) they pro-tect. Re-cent work [[]]
 []


Overfull \hbox (6.59756pt too wide) in paragraph at lines 425--426
\T1/LinuxLibertineT-TLF/m/n/9 (-20) IoT, while [[]] ex-plores RL-based
 []




Overfull \hbox (77.23882pt too wide) in paragraph at lines 481--483
\T1/zi4/m/n/9 core/handshake.py \T1/LinuxLibertineT-TLF/m/n/9 (-20) with \T1/zi4/m/n/9 server_gcs_handshake() \T1/LinuxLibertineT-TLF/m/n/9 (-20) and \T1/zi4/m/n/9 client_drone_handshake()
 []


LaTeX Warning: File `D7.png' not found on input line 486.


LaTeX Warning: `h' float specifier changed to `ht'.



[3.3]
Overfull \hbox (74.91888pt too wide) in paragraph at lines 499--501
\T1/LinuxLibertineT-TLF/m/n/9 (-20) ments a two-stage de-ci-sion ar-chi-tec-ture. First, \T1/zi4/m/n/9 src/scheduler/unified_scheduler.py
 []




Overfull \hbox (4.97826pt too wide) in paragraph at lines 510--512
\T1/LinuxLibertineT-TLF/m/n/9 (-20) the sched-uler piv-ots to fast-handshake suites like \T1/zi4/m/n/9 ML-1024-CP-MD-87
 []


LaTeX Warning: Citation 'futureinternet_transformer_iiot_2025' on page 4 undefined on input line 517.


Overfull \hbox (103.87802pt too wide) in paragraph at lines 517--518
\T1/LinuxLibertineT-TLF/m/n/9 (-20) terns are de-tected via heuris-tic scor-ing in \T1/zi4/m/n/9 src/scheduler/components/security_advisor.py\T1/LinuxLibertineT-TLF/m/n/9 (-20) ,
 []


LaTeX Warning: File `D2.png' not found on input line 521.


LaTeX Warning: `h' float specifier changed to `ht'.


LaTeX Warning: File `D11.png' not found on input line 534.


LaTeX Warning: `h' float specifier changed to `ht'.


Overfull \hbox (6.26381pt too wide) in paragraph at lines 542--543
\T1/LinuxLibertineT-TLF/m/n/9 (-20) The com-pan-ion com-puter is a Rasp-berry Pi 4 Model B (8 GB RAM) [[]18[]]
 []


Overfull \hbox (23.56964pt too wide) in paragraph at lines 542--543
\T1/LinuxLibertineT-TLF/m/n/9 (-20) the se-cure proxy im-ple-mented in \T1/zi4/m/n/9 core/handshake.py \T1/LinuxLibertineT-TLF/m/n/9 (-20) and \T1/zi4/m/n/9 core/aead.py\T1/LinuxLibertineT-TLF/m/n/9 (-20) . 
 []



[4.4]


LaTeX Warning: Citation 'futureinternet_transformer_iiot_2025' on page 5 undefined on input line 551.


Overfull \hbox (98.37903pt too wide) in paragraph at lines 551--552
\T1/LinuxLibertineT-TLF/m/n/9 (-20) tion model (Time-Series Trans-former, TST) [[]],
 []


Overfull \hbox (79.17357pt too wide) in paragraph at lines 554--555
[]\T1/LinuxLibertineT-TLF/m/n/9 (-20) The eval-u-a-tion cov-ers 21 dis-tinct PQC suites (de-tailed in \T1/zi4/m/n/9 results/report_run_*.txt\T1/LinuxLibertineT-TLF/m/n/9 (-20) ),
 []


Overfull \hbox (58.40857pt too wide) in paragraph at lines 554--555
\T1/LinuxLibertineT-TLF/m/n/9 (-20) com-bin-ing KEMs (ML-KEM-512/768/1024, Classic-McEliece-348864/460896/8192128,
 []


Overfull \hbox (1.70732pt too wide) in paragraph at lines 554--555
\T1/LinuxLibertineT-TLF/m/n/9 (-20) (ML-DSA-44/65/87, Falcon-512/1024, SPHINCS$[]$-128f/256f) and both
 []


LaTeX Warning: Reference `s:experimental_setup' on page 5 undefined on input line 558.



[5.5]
LaTeX Font Info:    Font shape `T1/LinuxLibertineT-TLF/b/n' will be
(Font)              scaled to size 7.0pt on input line 578.

Overfull \hbox (3.58986pt too wide) in paragraph at lines 599--600
\T1/LinuxLibertineT-TLF/m/n/9 (-20) shake la-ten-cies, with \T1/zi4/m/n/9 ML-1024-AG-MD-87 \T1/LinuxLibertineT-TLF/m/n/9 (-20) com-plet-ing in just 10.62 ms.
 []


Underfull \hbox (badness 1194) in paragraph at lines 617--617
[]\T1/LinuxLibertineT-TLF/m/n/7 (+20) MC-8192, ML-1024,
 []



LaTeX Font Info:    Font shape `T1/LinuxBiolinumT-TLF/m/it' will be
(Font)              scaled to size 9.0pt on input line 673.


[6.6]
Overfull \hbox (48.21121pt too wide) in paragraph at lines 736--737
\T1/LinuxLibertineT-TLF/m/n/9 (-20) showed \T1/LinuxLibertineT-TLF/m/it/9 (-20) de-creased \T1/LinuxLibertineT-TLF/m/n/9 (-20) hand-shake la-tency and RTT. For in-stance, \T1/zi4/m/n/9 HQC-128-AG-FA-512
 []





[7.7]
Overfull \hbox (13.52177pt too wide) in paragraph at lines 780--781
\T1/LinuxLibertineT-TLF/m/n/9 (-20) pro-por-tion-ately af-fected by CPU con-tention. Any suite us-ing SPHINCS$[]$
 []


Overfull \hbox (58.46915pt too wide) in paragraph at lines 780--781
\T1/LinuxLibertineT-TLF/m/n/9 (-20) sees hand-shake la-tency dom-i-nated by sign-ing op-er-a-tions. For \T1/zi4/m/n/9 ML-1024-AG-SP-256f\T1/LinuxLibertineT-TLF/m/n/9 (-20) ,
 []





[8.8]



[9.9]
Overfull \hbox (22.07011pt too wide) in paragraph at lines 933--934
\T1/LinuxLibertineT-TLF/m/n/9 (-20) ex-tend-ing en-durance at the cost of slightly el-e-vated loss; and (iii) \T1/LinuxLibertineT-TLF/m/it/9 (-20) heartbeat-
 []


Overfull \hbox (21.43678pt too wide) in paragraph at lines 947--948
\T1/LinuxLibertineT-TLF/m/n/9 (-20) hib-ited spo-radic ar-ti-facts (e.g., a 652 ms hand-shake for \T1/zi4/m/n/9 FR-640A-CP-MD-44
 []


Underfull \vbox (badness 10000) has occurred while \output is active []




Overfull \hbox (12.84503pt too wide) in paragraph at lines 951--952
\T1/LinuxLibertineT-TLF/m/n/9 (-20) performance, quantum-resistant cryp-tog-ra-phy on resource-constrained
 []



[10.10]



LaTeX Font Info:    Font shape `T1/LinuxLibertineT-TLF/m/n' will be
(Font)              scaled to size 8.8pt on input line 965.
(C:\Users\burak\AppData\Roaming\MiKTeX\tex/generic/stringenc\se-pdfdoc.def
File: se-pdfdoc.def 2019/11/29 v1.12 stringenc: PDFDocEncoding
) (C:\Users\burak\AppData\Roaming\MiKTeX\tex/generic/stringenc\se-utf8.def
File: se-utf8.def 2019/11/29 v1.12 stringenc: UTF-8
) [11.11] (a-bit-better.aux)
 ***********
LaTeX2e <2025-06-01> patch level 1
L3 programming layer <2025-09-02>
 ***********


LaTeX Warning: There were undefined references.

Package rerunfilecheck Info: File `a-bit-better.out' has not changed.
(rerunfilecheck)             Checksum: 78CD9D6718F866CD3B10D680589F30B8;7118.
Package logreq Info: Writing requests to 'a-bit-better.run.xml'.
\openout1 = `a-bit-better.run.xml'.

 ) 
Here is how much of TeX's memory you used:
 28950 strings out of 468081
 506470 string characters out of 5435855
 1428107 words of memory out of 5000000
 56393 multiletter control sequences out of 15000+600000
 825377 words of font info for 482 fonts, out of 8000000 for 9000
 1302 hyphenation exceptions out of 8191
 90i,12n,131p,1320b,1590s stack positions out of 10000i,1000n,20000p,200000b,200000s
<C:/Users/burak/AppData/Roaming/MiKTeX/fonts/type1/public/inconsolata/Inconsolata-zi4r.pfb><C:/Users/burak/AppData/Roaming/MiKTeX/fonts/type1/public/newtx/LibertineMathMI.pfb><C:/Users/burak/AppData/Roaming/MiKTeX/fonts/type1/public/newtx/LibertineMathMI7.pfb><C:/Users/burak/AppData/Roaming/MiKTeX/fonts/type1/public/libertine/LinBiolinumT.pfb><C:/Users/burak/AppData/Roaming/MiKTeX/fonts/type1/public/libertine/LinBiolinumTB.pfb><C:/Users/burak/AppData/Roaming/MiKTeX/fonts/type1/public/libertine/LinBiolinumTI.pfb><C:/Users/burak/AppData/Roaming/MiKTeX/fonts/type1/public/libertine/LinLibertineT.pfb><C:/Users/burak/AppData/Roaming/MiKTeX/fonts/type1/public/libertine/LinLibertineTB.pfb><C:/Users/burak/AppData/Roaming/MiKTeX/fonts/type1/public/libertine/LinLibertineTI.pfb><C:/Users/burak/AppData/Roaming/MiKTeX/fonts/type1/public/newtx/txmiaX.pfb><C:/Users/burak/AppData/Roaming/MiKTeX/fonts/type1/public/newtx/txsys.pfb>
Output written on a-bit-better.pdf (11 pages, 582911 bytes).
PDF statistics:
 383 PDF objects out of 1000 (max. 8388607)
 94 named destinations out of 1000 (max. 500000)
 107273 words of extra memory for PDF output out of 128383 (max. 10000000)

